99.11.05 08:36 B f:\WWW\afi\ucf\behind_the_scenes.html --> webfs.deltacom.net /afi/ucf behind_the_scenes.html
99.11.05 08:36 B f:\WWW\afi\ucf\cover_story.html --> webfs.deltacom.net /afi/ucf cover_story.html
99.11.05 08:36 B f:\WWW\afi\ucf\crossword.html --> webfs.deltacom.net /afi/ucf crossword.html
99.11.05 08:36 B f:\WWW\afi\ucf\crswrdhd.jpg --> webfs.deltacom.net /afi/ucf crswrdhd.jpg
99.11.05 08:36 B f:\WWW\afi\ucf\cw.jpg --> webfs.deltacom.net /afi/ucf cw.jpg
99.11.05 08:36 B f:\WWW\afi\ucf\feature.html --> webfs.deltacom.net /afi/ucf feature.html
99.11.05 08:36 B f:\WWW\afi\ucf\feature2.html --> webfs.deltacom.net /afi/ucf feature2.html
99.11.05 08:36 B f:\WWW\afi\ucf\fields1.jpg --> webfs.deltacom.net /afi/ucf fields1.jpg
99.11.05 08:36 B f:\WWW\afi\ucf\fields2.jpg --> webfs.deltacom.net /afi/ucf fields2.jpg
99.11.05 08:36 B f:\WWW\afi\ucf\fields3.jpg --> webfs.deltacom.net /afi/ucf fields3.jpg
99.11.05 08:36 B f:\WWW\afi\ucf\flashback.html --> webfs.deltacom.net /afi/ucf flashback.html
99.11.05 08:36 B f:\WWW\afi\ucf\gilbert.jpg --> webfs.deltacom.net /afi/ucf gilbert.jpg
99.11.05 08:36 B f:\WWW\afi\ucf\griffin1.jpg --> webfs.deltacom.net /afi/ucf griffin1.jpg
99.11.05 08:36 B f:\WWW\afi\ucf\griffin2.jpg --> webfs.deltacom.net /afi/ucf griffin2.jpg
99.11.05 08:36 B f:\WWW\afi\ucf\housel.html --> webfs.deltacom.net /afi/ucf housel.html
99.11.05 08:36 B f:\WWW\afi\ucf\housldsk.jpg --> webfs.deltacom.net /afi/ucf housldsk.jpg
99.11.05 08:36 B f:\WWW\afi\ucf\main.html --> webfs.deltacom.net /afi/ucf main.html
99.11.05 08:37 B f:\WWW\afi\ucf\mazzone.jpg --> webfs.deltacom.net /afi/ucf mazzone.jpg
99.11.05 08:37 B f:\WWW\afi\ucf\miller.jpg --> webfs.deltacom.net /afi/ucf miller.jpg
99.11.05 08:37 B f:\WWW\afi\ucf\qa.html --> webfs.deltacom.net /afi/ucf qa.html
99.11.05 08:37 B f:\WWW\afi\ucf\senior_profile.html --> webfs.deltacom.net /afi/ucf senior_profile.html
99.11.05 08:37 B f:\WWW\afi\ucf\solution.html --> webfs.deltacom.net /afi/ucf solution.html
99.11.05 08:37 B f:\WWW\afi\ucf\tigflash.jpg --> webfs.deltacom.net /afi/ucf tigflash.jpg
99.11.05 08:37 B f:\WWW\afi\ucf\todayjh1.jpg --> webfs.deltacom.net /afi/ucf todayjh1.jpg
99.11.05 08:37 B f:\WWW\afi\ucf\todayjh2.jpg --> webfs.deltacom.net /afi/ucf todayjh2.jpg
99.11.05 08:37 B f:\WWW\afi\ucf\todays_game.html --> webfs.deltacom.net /afi/ucf todays_game.html
99.11.05 08:37 B f:\WWW\afi\ucf\ucf_cover.jpg --> webfs.deltacom.net /afi/ucf ucf_cover.jpg
99.11.05 08:37 B f:\WWW\afi\ucf\white1.jpg --> webfs.deltacom.net /afi/ucf white1.jpg
99.11.05 08:37 B f:\WWW\afi\ucf\white2.jpg --> webfs.deltacom.net /afi/ucf white2.jpg
99.11.05 08:53 B f:\WWW\afi\ucf\cover_story.html --> webfs.deltacom.net /afi/ucf cover_story.html
99.11.05 08:54 B f:\WWW\afi\ucf\cover_story.html --> webfs.deltacom.net /afi/ucf cover_story.html
99.11.05 08:57 B f:\WWW\afi\ucf\behind_the_scenes.html --> webfs.deltacom.net /afi/ucf behind_the_scenes.html
99.11.05 08:57 B f:\WWW\afi\ucf\senior_profile.html --> webfs.deltacom.net /afi/ucf senior_profile.html
99.11.05 08:57 B f:\WWW\afi\ucf\WS_FTP.LOG --> webfs.deltacom.net /afi/ucf WS_FTP.LOG
99.11.05 08:57 B f:\WWW\afi\ucf\behind_the_scenes.html --> webfs.deltacom.net /afi/ucf behind_the_scenes.html
99.11.05 08:57 B f:\WWW\afi\ucf\senior_profile.html --> webfs.deltacom.net /afi/ucf senior_profile.html
99.11.05 08:57 B f:\WWW\afi\ucf\cover_story.html --> webfs.deltacom.net /afi/ucf cover_story.html
99.11.05 08:57 B f:\WWW\afi\ucf\feature2.html --> webfs.deltacom.net /afi/ucf feature2.html
99.11.05 08:57 B f:\WWW\afi\ucf\feature.html --> webfs.deltacom.net /afi/ucf feature.html
99.11.05 08:57 B f:\WWW\afi\ucf\flashback.html --> webfs.deltacom.net /afi/ucf flashback.html
99.11.05 08:57 B f:\WWW\afi\ucf\todays_game.html --> webfs.deltacom.net /afi/ucf todays_game.html
99.11.05 08:57 B f:\WWW\afi\ucf\todayjh1.jpg --> webfs.deltacom.net /afi/ucf todayjh1.jpg
99.11.05 08:57 B f:\WWW\afi\ucf\todayjh2.jpg --> webfs.deltacom.net /afi/ucf todayjh2.jpg
99.11.05 08:57 B f:\WWW\afi\ucf\cw.jpg --> webfs.deltacom.net /afi/ucf cw.jpg
99.11.05 08:57 B f:\WWW\afi\ucf\crossword.html --> webfs.deltacom.net /afi/ucf crossword.html
99.11.05 08:58 B f:\WWW\afi\ucf\white2.jpg --> webfs.deltacom.net /afi/ucf white2.jpg
99.11.05 08:58 B f:\WWW\afi\ucf\white1.jpg --> webfs.deltacom.net /afi/ucf white1.jpg
99.11.05 08:58 B f:\WWW\afi\ucf\qa.html --> webfs.deltacom.net /afi/ucf qa.html
99.11.05 08:58 B f:\WWW\afi\ucf\griffin2.jpg --> webfs.deltacom.net /afi/ucf griffin2.jpg
99.11.05 08:58 B f:\WWW\afi\ucf\griffin1.jpg --> webfs.deltacom.net /afi/ucf griffin1.jpg
99.11.05 08:58 B f:\WWW\afi\ucf\main.html --> webfs.deltacom.net /afi/ucf main.html
99.11.05 08:58 B f:\WWW\afi\ucf\tigflash.jpg --> webfs.deltacom.net /afi/ucf tigflash.jpg
99.11.05 08:58 B f:\WWW\afi\ucf\gilbert.jpg --> webfs.deltacom.net /afi/ucf gilbert.jpg
99.11.05 08:58 B f:\WWW\afi\ucf\miller.jpg --> webfs.deltacom.net /afi/ucf miller.jpg
99.11.05 08:58 B f:\WWW\afi\ucf\fields3.jpg --> webfs.deltacom.net /afi/ucf fields3.jpg
99.11.05 08:58 B f:\WWW\afi\ucf\fields2.jpg --> webfs.deltacom.net /afi/ucf fields2.jpg
99.11.05 08:58 B f:\WWW\afi\ucf\fields1.jpg --> webfs.deltacom.net /afi/ucf fields1.jpg
99.11.05 08:58 B f:\WWW\afi\ucf\mazzone.jpg --> webfs.deltacom.net /afi/ucf mazzone.jpg
99.11.05 08:58 B f:\WWW\afi\ucf\ucf_cover.jpg --> webfs.deltacom.net /afi/ucf ucf_cover.jpg
99.11.05 08:58 B f:\WWW\afi\ucf\solution.html --> webfs.deltacom.net /afi/ucf solution.html
99.11.05 08:58 B f:\WWW\afi\ucf\housel.html --> webfs.deltacom.net /afi/ucf housel.html
99.11.05 08:58 B f:\WWW\afi\ucf\housldsk.jpg --> webfs.deltacom.net /afi/ucf housldsk.jpg
99.11.05 08:58 B f:\WWW\afi\ucf\crswrdhd.jpg --> webfs.deltacom.net /afi/ucf crswrdhd.jpg
99.11.18 20:51 B f:\WWW\afi\alabama\alabama_cover.jpg --> webfs.deltacom.net /afi/alabama alabama_cover.jpg
99.11.18 20:51 B f:\WWW\afi\alabama\behind_the_scenes.html --> webfs.deltacom.net /afi/alabama behind_the_scenes.html
99.11.18 20:51 B f:\WWW\afi\alabama\Carson1.jpg --> webfs.deltacom.net /afi/alabama Carson1.jpg
99.11.18 20:51 B f:\WWW\afi\alabama\Carson2.jpg --> webfs.deltacom.net /afi/alabama Carson2.jpg
99.11.18 20:51 B f:\WWW\afi\alabama\Carson3.jpg --> webfs.deltacom.net /afi/alabama Carson3.jpg
99.11.18 20:51 B f:\WWW\afi\alabama\cover_story.html --> webfs.deltacom.net /afi/alabama cover_story.html
99.11.18 20:51 B f:\WWW\afi\alabama\crossword.html --> webfs.deltacom.net /afi/alabama crossword.html
99.11.18 20:52 B f:\WWW\afi\alabama\crswrdhd.jpg --> webfs.deltacom.net /afi/alabama crswrdhd.jpg
99.11.18 20:52 B f:\WWW\afi\alabama\cw.jpg --> webfs.deltacom.net /afi/alabama cw.jpg
99.11.18 20:52 B f:\WWW\afi\alabama\Evans1.jpg --> webfs.deltacom.net /afi/alabama Evans1.jpg
99.11.18 20:52 B f:\WWW\afi\alabama\Evans2.jpg --> webfs.deltacom.net /afi/alabama Evans2.jpg
99.11.18 20:52 B f:\WWW\afi\alabama\feature.html --> webfs.deltacom.net /afi/alabama feature.html
99.11.18 20:52 B f:\WWW\afi\alabama\feature2.html --> webfs.deltacom.net /afi/alabama feature2.html
99.11.18 20:52 B f:\WWW\afi\alabama\flashback.html --> webfs.deltacom.net /afi/alabama flashback.html
99.11.18 20:52 B f:\WWW\afi\alabama\housel.html --> webfs.deltacom.net /afi/alabama housel.html
99.11.18 20:52 B f:\WWW\afi\alabama\housldsk.jpg --> webfs.deltacom.net /afi/alabama housldsk.jpg
99.11.18 20:52 B f:\WWW\afi\alabama\main.bak --> webfs.deltacom.net /afi/alabama main.bak
99.11.18 20:52 B f:\WWW\afi\alabama\main.html --> webfs.deltacom.net /afi/alabama main.html
99.11.18 20:52 B f:\WWW\afi\alabama\Manno1.jpg --> webfs.deltacom.net /afi/alabama Manno1.jpg
99.11.18 20:52 B f:\WWW\afi\alabama\Manno2.jpg --> webfs.deltacom.net /afi/alabama Manno2.jpg
99.11.18 20:52 B f:\WWW\afi\alabama\qa.html --> webfs.deltacom.net /afi/alabama qa.html
99.11.18 20:52 B f:\WWW\afi\alabama\Sanders1.jpg --> webfs.deltacom.net /afi/alabama Sanders1.jpg
99.11.18 20:52 B f:\WWW\afi\alabama\Sanders2.jpg --> webfs.deltacom.net /afi/alabama Sanders2.jpg
99.11.18 20:52 B f:\WWW\afi\alabama\senior_profile.bak --> webfs.deltacom.net /afi/alabama senior_profile.bak
99.11.18 20:52 B f:\WWW\afi\alabama\senior_profile.html --> webfs.deltacom.net /afi/alabama senior_profile.html
99.11.18 20:52 B f:\WWW\afi\alabama\senior_profile01.html --> webfs.deltacom.net /afi/alabama senior_profile01.html
99.11.18 20:52 B f:\WWW\afi\alabama\senior_profile02.html --> webfs.deltacom.net /afi/alabama senior_profile02.html
99.11.18 20:52 B f:\WWW\afi\alabama\senior_profile03.html --> webfs.deltacom.net /afi/alabama senior_profile03.html
99.11.18 20:52 B f:\WWW\afi\alabama\senior_profile04.html --> webfs.deltacom.net /afi/alabama senior_profile04.html
99.11.18 20:52 B f:\WWW\afi\alabama\solution.html --> webfs.deltacom.net /afi/alabama solution.html
99.11.18 20:53 B f:\WWW\afi\alabama\TodayJH1.jpg --> webfs.deltacom.net /afi/alabama TodayJH1.jpg
99.11.18 20:53 B f:\WWW\afi\alabama\TodayJH2.jpg --> webfs.deltacom.net /afi/alabama TodayJH2.jpg
99.11.18 20:53 B f:\WWW\afi\alabama\todays_game.html --> webfs.deltacom.net /afi/alabama todays_game.html
99.11.18 20:53 B f:\WWW\afi\alabama\Trone1.jpg --> webfs.deltacom.net /afi/alabama Trone1.jpg
99.11.18 20:53 B f:\WWW\afi\alabama\Trone2.jpg --> webfs.deltacom.net /afi/alabama Trone2.jpg
99.11.18 20:53 B f:\WWW\afi\alabama\ucf_cover.jpg --> webfs.deltacom.net /afi/alabama ucf_cover.jpg
99.11.18 20:53 B f:\WWW\afi\alabama\WillmsCh.jpg --> webfs.deltacom.net /afi/alabama WillmsCh.jpg
99.11.18 20:53 B f:\WWW\afi\alabama\WillmsRu1.jpg --> webfs.deltacom.net /afi/alabama WillmsRu1.jpg
99.11.18 20:53 B f:\WWW\afi\alabama\WillmsRu2.jpg --> webfs.deltacom.net /afi/alabama WillmsRu2.jpg
