98.08.27 16:33 B C:\WEBSHARE\WWWROOT\tucsontractorw\_vti_pvt\_x_todo.htm --> ftp.tucsontractor.com /htdocs/tucsontractorw/_vti_pvt _x_todo.htm
98.08.27 16:33 B C:\WEBSHARE\WWWROOT\tucsontractorw\_vti_pvt\_x_todoh.htm --> ftp.tucsontractor.com /htdocs/tucsontractorw/_vti_pvt _x_todoh.htm
98.08.27 16:33 B C:\WEBSHARE\WWWROOT\tucsontractorw\_vti_pvt\access.cnf --> ftp.tucsontractor.com /htdocs/tucsontractorw/_vti_pvt access.cnf
98.08.27 16:33 B C:\WEBSHARE\WWWROOT\tucsontractorw\_vti_pvt\deptodoc.btr --> ftp.tucsontractor.com /htdocs/tucsontractorw/_vti_pvt deptodoc.btr
98.08.27 16:33 B C:\WEBSHARE\WWWROOT\tucsontractorw\_vti_pvt\doctodep.btr --> ftp.tucsontractor.com /htdocs/tucsontractorw/_vti_pvt doctodep.btr
98.08.27 16:33 B C:\WEBSHARE\WWWROOT\tucsontractorw\_vti_pvt\linkinfo.cnf --> ftp.tucsontractor.com /htdocs/tucsontractorw/_vti_pvt linkinfo.cnf
98.08.27 16:33 B C:\WEBSHARE\WWWROOT\tucsontractorw\_vti_pvt\service.cnf --> ftp.tucsontractor.com /htdocs/tucsontractorw/_vti_pvt service.cnf
98.08.27 16:33 B C:\WEBSHARE\WWWROOT\tucsontractorw\_vti_pvt\service.lck --> ftp.tucsontractor.com /htdocs/tucsontractorw/_vti_pvt service.lck
98.08.27 16:34 B C:\WEBSHARE\WWWROOT\tucsontractorw\_vti_pvt\structure.cnf --> ftp.tucsontractor.com /htdocs/tucsontractorw/_vti_pvt structure.cnf
98.08.27 16:34 B C:\WEBSHARE\WWWROOT\tucsontractorw\_vti_pvt\writeto.cnf --> ftp.tucsontractor.com /htdocs/tucsontractorw/_vti_pvt writeto.cnf
98.08.27 16:59 B C:\WEBSHARE\WWWROOT\tucsontractorw\_vti_pvt\_x_todo.htm --> ftp.tucsontractor.com /htdocs/_vti_pvt _x_todo.htm
98.08.27 16:59 B C:\WEBSHARE\WWWROOT\tucsontractorw\_vti_pvt\_x_todoh.htm --> ftp.tucsontractor.com /htdocs/_vti_pvt _x_todoh.htm
98.08.27 16:59 B C:\WEBSHARE\WWWROOT\tucsontractorw\_vti_pvt\access.cnf --> ftp.tucsontractor.com /htdocs/_vti_pvt access.cnf
98.08.27 16:59 B C:\WEBSHARE\WWWROOT\tucsontractorw\_vti_pvt\deptodoc.btr --> ftp.tucsontractor.com /htdocs/_vti_pvt deptodoc.btr
98.08.27 16:59 B C:\WEBSHARE\WWWROOT\tucsontractorw\_vti_pvt\doctodep.btr --> ftp.tucsontractor.com /htdocs/_vti_pvt doctodep.btr
98.08.27 16:59 B C:\WEBSHARE\WWWROOT\tucsontractorw\_vti_pvt\linkinfo.cnf --> ftp.tucsontractor.com /htdocs/_vti_pvt linkinfo.cnf
98.08.27 16:59 B C:\WEBSHARE\WWWROOT\tucsontractorw\_vti_pvt\service.cnf --> ftp.tucsontractor.com /htdocs/_vti_pvt service.cnf
98.08.27 16:59 B C:\WEBSHARE\WWWROOT\tucsontractorw\_vti_pvt\service.lck --> ftp.tucsontractor.com /htdocs/_vti_pvt service.lck
98.08.27 16:59 B C:\WEBSHARE\WWWROOT\tucsontractorw\_vti_pvt\structure.cnf --> ftp.tucsontractor.com /htdocs/_vti_pvt structure.cnf
98.08.27 17:00 B C:\WEBSHARE\WWWROOT\tucsontractorw\_vti_pvt\writeto.cnf --> ftp.tucsontractor.com /htdocs/_vti_pvt writeto.cnf
98.08.27 17:00 B C:\WEBSHARE\WWWROOT\tucsontractorw\_vti_pvt\WS_FTP.LOG --> ftp.tucsontractor.com /htdocs/_vti_pvt WS_FTP.LOG
98.10.06 15:38 B c:\webshare\Wwwroot\tucsontractorw\_vti_pvt\deptodoc.btr --> ftp.tucsontractor.com /htdocs/_vti_pvt deptodoc.btr
98.10.06 15:38 B c:\webshare\Wwwroot\tucsontractorw\_vti_pvt\doctodep.btr --> ftp.tucsontractor.com /htdocs/_vti_pvt doctodep.btr
98.10.06 15:38 B c:\webshare\Wwwroot\tucsontractorw\_vti_pvt\linkinfo.cnf --> ftp.tucsontractor.com /htdocs/_vti_pvt linkinfo.cnf
98.10.06 15:38 B c:\webshare\Wwwroot\tucsontractorw\_vti_pvt\service.lck --> ftp.tucsontractor.com /htdocs/_vti_pvt service.lck
98.10.06 15:38 B c:\webshare\Wwwroot\tucsontractorw\_vti_pvt\structure.cnf --> ftp.tucsontractor.com /htdocs/_vti_pvt structure.cnf
98.11.23 13:56 B C:\WEBSHARE\WWWROOT\tucsontractorw\_vti_pvt\deptodoc.btr --> ftp.tucsontractor.com /htdocs/_vti_pvt deptodoc.btr
98.11.23 13:56 B C:\WEBSHARE\WWWROOT\tucsontractorw\_vti_pvt\doctodep.btr --> ftp.tucsontractor.com /htdocs/_vti_pvt doctodep.btr
98.11.23 13:56 B C:\WEBSHARE\WWWROOT\tucsontractorw\_vti_pvt\linkinfo.cnf --> ftp.tucsontractor.com /htdocs/_vti_pvt linkinfo.cnf
98.11.23 13:56 B C:\WEBSHARE\WWWROOT\tucsontractorw\_vti_pvt\service.lck --> ftp.tucsontractor.com /htdocs/_vti_pvt service.lck
98.11.23 13:56 B C:\WEBSHARE\WWWROOT\tucsontractorw\_vti_pvt\WS_FTP.LOG --> ftp.tucsontractor.com /htdocs/_vti_pvt WS_FTP.LOG
98.12.01 15:48 B C:\WEBSHARE\WWWROOT\tucsontractorw\_vti_pvt\deptodoc.btr --> ftp.tucsontractor.com /htdocs/_vti_pvt deptodoc.btr
98.12.01 15:48 B C:\WEBSHARE\WWWROOT\tucsontractorw\_vti_pvt\doctodep.btr --> ftp.tucsontractor.com /htdocs/_vti_pvt doctodep.btr
98.12.01 15:48 B C:\WEBSHARE\WWWROOT\tucsontractorw\_vti_pvt\linkinfo.cnf --> ftp.tucsontractor.com /htdocs/_vti_pvt linkinfo.cnf
98.12.01 15:48 B C:\WEBSHARE\WWWROOT\tucsontractorw\_vti_pvt\service.lck --> ftp.tucsontractor.com /htdocs/_vti_pvt service.lck
99.07.21 15:33 B C:\Frontpage-webs\_vti_pvt\access.cnf --> www.tucsontractor.com /htdocs/_vti_pvt access.cnf
99.07.21 15:33 B C:\Frontpage-webs\_vti_pvt\deptodoc.btr --> www.tucsontractor.com /htdocs/_vti_pvt deptodoc.btr
99.07.21 15:33 B C:\Frontpage-webs\_vti_pvt\diskweb.cnf --> www.tucsontractor.com /htdocs/_vti_pvt diskweb.cnf
99.07.21 15:33 B C:\Frontpage-webs\_vti_pvt\doctodep.btr --> www.tucsontractor.com /htdocs/_vti_pvt doctodep.btr
99.07.21 15:33 B C:\Frontpage-webs\_vti_pvt\frontpg.lck --> www.tucsontractor.com /htdocs/_vti_pvt frontpg.lck
99.07.21 15:33 B C:\Frontpage-webs\_vti_pvt\linkinfo.cnf --> www.tucsontractor.com /htdocs/_vti_pvt linkinfo.cnf
99.07.21 15:33 B C:\Frontpage-webs\_vti_pvt\service.cnf --> www.tucsontractor.com /htdocs/_vti_pvt service.cnf
99.07.21 15:33 B C:\Frontpage-webs\_vti_pvt\service.lck --> www.tucsontractor.com /htdocs/_vti_pvt service.lck
99.07.21 15:33 B C:\Frontpage-webs\_vti_pvt\services.cnf --> www.tucsontractor.com /htdocs/_vti_pvt services.cnf
99.07.21 15:33 B C:\Frontpage-webs\_vti_pvt\structure.cnf --> www.tucsontractor.com /htdocs/_vti_pvt structure.cnf
99.07.31 14:29 B C:\Frontpage-webs\_vti_pvt\_x_todo.htm --> www.tucsontractor.com /htdocs/_vti_pvt _x_todo.htm
99.07.31 14:29 B C:\Frontpage-webs\_vti_pvt\_x_todoh.htm --> www.tucsontractor.com /htdocs/_vti_pvt _x_todoh.htm
99.07.31 14:29 B C:\Frontpage-webs\_vti_pvt\deptodoc.btr --> www.tucsontractor.com /htdocs/_vti_pvt deptodoc.btr
99.07.31 14:29 B C:\Frontpage-webs\_vti_pvt\diskweb.cnf --> www.tucsontractor.com /htdocs/_vti_pvt diskweb.cnf
99.07.31 14:29 B C:\Frontpage-webs\_vti_pvt\doctodep.btr --> www.tucsontractor.com /htdocs/_vti_pvt doctodep.btr
99.07.31 14:29 B C:\Frontpage-webs\_vti_pvt\service.cnf --> www.tucsontractor.com /htdocs/_vti_pvt service.cnf
99.07.31 14:29 B C:\Frontpage-webs\_vti_pvt\service.lck --> www.tucsontractor.com /htdocs/_vti_pvt service.lck
