Session Start: Mon Dec 27 02:25:51 1999
[imfee(AOL@ABD79526.ipt.aol.com)] annica?
[imfee(AOL@ABD79526.ipt.aol.com)] ???
+----------------------------------------- --  -
| imfee (AOL@ABD79526.ipt.aol.com) (Internic Commercial)
¦ ircname  : axc
| channels : @#skimmy @#ninjachat
¦ server   : irc.core.com (The penguin box possessed by a Daemon)
: idle     : 0 hours 0 mins 7 secs (signon: Sun Dec 26 23:47:42 1999)
[msg(imfee)] Anissa
[msg(imfee)] heh
[msg(imfee)] yes
[imfee(AOL@ABD79526.ipt.aol.com)] what ya doing on edu
[imfee(AOL@ABD79526.ipt.aol.com)] ?
[imfee(AOL@ABD79526.ipt.aol.com)] girl?
[msg(imfee)] yes
[msg(imfee)] I'm el8
[msg(imfee)] heh
[imfee(AOL@ABD79526.ipt.aol.com)] hehe lol.
[imfee(AOL@ABD79526.ipt.aol.com)] is this the right annica
[imfee(AOL@ABD79526.ipt.aol.com)] ?
[imfee(AOL@ABD79526.ipt.aol.com)] if it is whats my name
[imfee(AOL@ABD79526.ipt.aol.com)] ?
[msg(imfee)] Anissa!
[imfee(AOL@ABD79526.ipt.aol.com)] thats not my name
[imfee(AOL@ABD79526.ipt.aol.com)] i asked what is my name
[msg(imfee)] I don't know
[msg(imfee)] wtf should I know
[imfee(AOL@ABD79526.ipt.aol.com)] ok
[imfee(AOL@ABD79526.ipt.aol.com)] we don't know each other then
[msg(imfee)] ok
[imfee(AOL@ABD79526.ipt.aol.com)] why do you join
[imfee(AOL@ABD79526.ipt.aol.com)] a channel laugh and leave?
[imfee(AOL@ABD79526.ipt.aol.com)] ohh yah and edu is not leet.
[imfee(AOL@ABD79526.ipt.aol.com)] edu's are lame i can own a edu with lp
[imfee(AOL@ABD79526.ipt.aol.com)] printing spool.
[msg(imfee)] uhm.
[msg(imfee)] cuz I can
[msg(imfee)] are u the irc police or sumthin
[msg(imfee)] get off my clit
[msg(imfee)] wtf are u trippin for?
[imfee(AOL@ABD79526.ipt.aol.com)] heh.
[imfee(AOL@ABD79526.ipt.aol.com)] get off your clit?
[imfee(AOL@ABD79526.ipt.aol.com)] lol that's a new one
[imfee(AOL@ABD79526.ipt.aol.com)] i am not tripping
[imfee(AOL@ABD79526.ipt.aol.com)] i am just saying don't be a mofo
[msg(imfee)] mofo?
[msg(imfee)] who's being a mofo
[msg(imfee)] ?
[imfee(AOL@ABD79526.ipt.aol.com)] u
[imfee(AOL@ABD79526.ipt.aol.com)] lol
[msg(imfee)] heh
[msg(imfee)] whatevah
[msg(imfee)] don't waste my time
[imfee(AOL@ABD79526.ipt.aol.com)] peace
[imfee(AOL@ABD79526.ipt.aol.com)] mofo
[imfee(AOL@ABD79526.ipt.aol.com)] don't fucking join
[imfee(AOL@ABD79526.ipt.aol.com)] and go heh and leave
[imfee(AOL@ABD79526.ipt.aol.com)] or i will packet you
[msg(imfee)] stfu
[imfee(AOL@ABD79526.ipt.aol.com)] and you edu next time
[imfee(AOL@ABD79526.ipt.aol.com)] bye
[msg(imfee)] ohh... so your an aol kiddy and a packet warrior?
[msg(imfee)] fuckin aol bitch
[msg(imfee)] heh
[imfee(AOL@ABD79526.ipt.aol.com)] aol bitch with skills i am waiting for my cable modem that is why i am on aol useing phishes. i have mad unix skills.
[imfee(AOL@ABD79526.ipt.aol.com)] i bet you don't even know how to use grep yet.
[msg(imfee)] heh
[imfee(AOL@ABD79526.ipt.aol.com)] all you know how to do is wh0re lame edu shells.
[msg(imfee)] uhm..
[msg(imfee)] I fuckin hax0r'd this shit myself
[msg(imfee)] bitch
[msg(imfee)] I'm not fuckin stupid
[imfee(AOL@ABD79526.ipt.aol.com)] hax0r lol.
[imfee(AOL@ABD79526.ipt.aol.com)] how did you hax0r is scan it
[imfee(AOL@ABD79526.ipt.aol.com)] then go get an exploit
[imfee(AOL@ABD79526.ipt.aol.com)] at www.rootshell.com
[msg(imfee)] uhm...
[imfee(AOL@ABD79526.ipt.aol.com)] that's not hacking you lamer.
[msg(imfee)] heh!
[msg(imfee)] whatevah
[msg(imfee)] go away
[imfee(AOL@ABD79526.ipt.aol.com)] echo fork() >> mya.c
[imfee(AOL@ABD79526.ipt.aol.com)] cc -o mya mya.c
[imfee(AOL@ABD79526.ipt.aol.com)] chmod +x mya
[imfee(AOL@ABD79526.ipt.aol.com)] ./mya
[imfee(AOL@ABD79526.ipt.aol.com)] and you die.
[imfee(AOL@ABD79526.ipt.aol.com)] die die die die
[msg(imfee)] heh
[msg(imfee)] don't be dumb
[imfee(AOL@ABD79526.ipt.aol.com)] shut up you don't even know what it does i bet.
[msg(imfee)] heh!
_ Mya lol@imfee
[msg(imfee)] wtf are you anyway?
[msg(imfee)] like...
[msg(imfee)] I don't even know you...
[msg(imfee)] and ur trippin like ur my bitch
[imfee(AOL@ABD79526.ipt.aol.com)] ur daddy
Session Close: Mon Jan 03 15:07:01 2000



