99.06.14 12:04 B C:\Program Files\WS_FTP\public_html\1.jpg <-- Grits /home/a_s/dpeeples/public_html 1.jpg
99.06.14 12:04 B C:\Program Files\WS_FTP\public_html\2.jpg <-- Grits /home/a_s/dpeeples/public_html 2.jpg
99.06.14 12:04 B C:\Program Files\WS_FTP\public_html\3.jpg <-- Grits /home/a_s/dpeeples/public_html 3.jpg
99.06.14 12:04 B C:\Program Files\WS_FTP\public_html\amateur.gif <-- Grits /home/a_s/dpeeples/public_html amateur.gif
99.06.14 12:04 B C:\Program Files\WS_FTP\public_html\blue.gif <-- Grits /home/a_s/dpeeples/public_html blue.gif
99.06.14 12:04 B C:\Program Files\WS_FTP\public_html\book1.gif <-- Grits /home/a_s/dpeeples/public_html book1.gif
99.06.14 12:04 B C:\Program Files\WS_FTP\public_html\button.gif <-- Grits /home/a_s/dpeeples/public_html button.gif
99.06.14 12:04 B C:\Program Files\WS_FTP\public_html\card1.jpg <-- Grits /home/a_s/dpeeples/public_html card1.jpg
99.06.14 12:04 B C:\Program Files\WS_FTP\public_html\card2.jpg <-- Grits /home/a_s/dpeeples/public_html card2.jpg
99.06.14 12:04 B C:\Program Files\WS_FTP\public_html\DINO1.JPG <-- Grits /home/a_s/dpeeples/public_html DINO1.JPG
99.06.14 12:04 B C:\Program Files\WS_FTP\public_html\DINO2.JPG <-- Grits /home/a_s/dpeeples/public_html DINO2.JPG
99.06.14 12:04 B C:\Program Files\WS_FTP\public_html\drkblue.gif <-- Grits /home/a_s/dpeeples/public_html drkblue.gif
99.06.14 12:04 B C:\Program Files\WS_FTP\public_html\eye_bar.gif <-- Grits /home/a_s/dpeeples/public_html eye_bar.gif
99.06.14 12:04 B C:\Program Files\WS_FTP\public_html\FestiveA330.gif <-- Grits /home/a_s/dpeeples/public_html FestiveA330.gif
99.06.14 12:04 B C:\Program Files\WS_FTP\public_html\form.html <-- Grits /home/a_s/dpeeples/public_html form.html
99.06.14 12:04 B C:\Program Files\WS_FTP\public_html\garland.gif <-- Grits /home/a_s/dpeeples/public_html garland.gif
99.06.14 12:04 B C:\Program Files\WS_FTP\public_html\George.JPG <-- Grits /home/a_s/dpeeples/public_html George.JPG
99.06.14 12:04 B C:\Program Files\WS_FTP\public_html\george2.JPG <-- Grits /home/a_s/dpeeples/public_html george2.JPG
99.06.14 12:05 B C:\Program Files\WS_FTP\public_html\georgeandme.JPG <-- Grits /home/a_s/dpeeples/public_html georgeandme.JPG
99.06.14 12:05 B C:\Program Files\WS_FTP\public_html\Hairy.JPG <-- Grits /home/a_s/dpeeples/public_html Hairy.JPG
99.06.14 12:05 B C:\Program Files\WS_FTP\public_html\Hairylookingatme <-- Grits /home/a_s/dpeeples/public_html Hairylookingatme
99.06.14 12:05 B C:\Program Files\WS_FTP\public_html\hours.html <-- Grits /home/a_s/dpeeples/public_html hours.html
99.06.14 12:05 B C:\Program Files\WS_FTP\public_html\icon_new.gif <-- Grits /home/a_s/dpeeples/public_html icon_new.gif
99.06.14 12:05 B C:\Program Files\WS_FTP\public_html\index.bak <-- Grits /home/a_s/dpeeples/public_html index.bak
99.06.14 12:05 B C:\Program Files\WS_FTP\public_html\index.html <-- Grits /home/a_s/dpeeples/public_html index.html
99.06.14 12:05 B C:\Program Files\WS_FTP\public_html\intermat.gif <-- Grits /home/a_s/dpeeples/public_html intermat.gif
99.06.14 12:05 B C:\Program Files\WS_FTP\public_html\line-jet.gif <-- Grits /home/a_s/dpeeples/public_html line-jet.gif
99.06.14 12:05 B C:\Program Files\WS_FTP\public_html\mail.gif <-- Grits /home/a_s/dpeeples/public_html mail.gif
99.06.14 12:05 B C:\Program Files\WS_FTP\public_html\PeopleB175.gif <-- Grits /home/a_s/dpeeples/public_html PeopleB175.gif
99.06.14 12:05 B C:\Program Files\WS_FTP\public_html\pics.html <-- Grits /home/a_s/dpeeples/public_html pics.html
99.06.14 12:05 B C:\Program Files\WS_FTP\public_html\pics.htmlu <-- Grits /home/a_s/dpeeples/public_html pics.htmlu
99.06.14 12:05 B C:\Program Files\WS_FTP\public_html\possum.JPG <-- Grits /home/a_s/dpeeples/public_html possum.JPG
99.06.14 12:05 B C:\Program Files\WS_FTP\public_html\possum2.JPG <-- Grits /home/a_s/dpeeples/public_html possum2.JPG
99.06.14 12:05 B C:\Program Files\WS_FTP\public_html\rainbow-.gif <-- Grits /home/a_s/dpeeples/public_html rainbow-.gif
99.06.14 12:05 B C:\Program Files\WS_FTP\public_html\sgrl.html <-- Grits /home/a_s/dpeeples/public_html sgrl.html
99.06.14 12:05 B C:\Program Files\WS_FTP\public_html\sgrl.html.save <-- Grits /home/a_s/dpeeples/public_html sgrl.html.save
99.06.14 12:05 B C:\Program Files\WS_FTP\public_html\smiley.gif <-- Grits /home/a_s/dpeeples/public_html smiley.gif
99.06.14 12:06 B C:\Program Files\WS_FTP\public_html\staff1.jpg <-- Grits /home/a_s/dpeeples/public_html staff1.jpg
99.06.14 12:06 B C:\Program Files\WS_FTP\public_html\summer.html <-- Grits /home/a_s/dpeeples/public_html summer.html
99.06.14 12:06 B C:\Program Files\WS_FTP\public_html\usawrest.gif <-- Grits /home/a_s/dpeeples/public_html usawrest.gif
99.06.14 12:07 B C:\Program Files\WS_FTP\public_html\Xmastaf.jpg <-- Grits /home/a_s/dpeeples/public_html Xmastaf.jpg
99.06.14 12:07 B C:\Program Files\WS_FTP\public_html\zap1.gif <-- Grits /home/a_s/dpeeples/public_html zap1.gif
