
        *****************************************************
          Total Defacements by month for ar, 1999 - 2001:
          The breakout for this TLD can be browsed at:
          http://www.attrition.org/mirror/attrition/ar.html
        *****************************************************


----------+-----------
    Month |    sum(ar)
----------+-----------
 Jan 1999 |          0
 Feb 1999 |          0
 Mar 1999 |          2
 Apr 1999 |          2
 May 1999 |          3
 Jun 1999 |          2
 Jul 1999 |          2
 Aug 1999 |          3
 Sep 1999 |          0
 Oct 1999 |          1
 Nov 1999 |          6
 Dec 1999 |          1
          | 
    Total |         22
----------+-----------

----------+-----------
    Month |    sum(ar)
----------+-----------
 Jan 2000 |          3
 Feb 2000 |          3
 Mar 2000 |         15
 Apr 2000 |          3
 May 2000 |          7
 Jun 2000 |          4
 Jul 2000 |          9
 Aug 2000 |          3
 Sep 2000 |          5
 Oct 2000 |         24
 Nov 2000 |          9
 Dec 2000 |         10
          | 
    Total |         95
----------+-----------

----------+-----------
    Month |    sum(ar)
----------+-----------
 Jan 2001 |          5
 Feb 2001 |          6
 Mar 2001 |          4
 Apr 2001 |         14
          | 
    Total |         29
----------+-----------

        ***************************************************
              ASCII Plot of ar, Year Jan 2000 - Apr 26 2001:
          NOTE: the vertical axis is defacements per month
        ***************************************************


      24 +  
         |  
         |                  *
         |  
    a    |  
    r    |    *
         |                             *
         |  
         |            *       * *
         |        *                 *
       3 + **   *   *   * *       *   *
          +-----------------------------+
          Jan 00    Month         Apr 01


Last updated:  26 Apr 2001 12:09:55 GMT
(c) Copyright 2000, 2001 Matt Dickerson and Brian Martin
Excerpts from this page may be reproduced if Attrition.org and the URL
http://www.attrition.org/mirror/attrition/tldlogs/ar.log are attributed.
