
        *****************************************************
          Total Defacements by month for au, 1999 - 2001:
          The breakout for this TLD can be browsed at:
          http://www.attrition.org/mirror/attrition/au.html
        *****************************************************


----------+-----------
    Month |    sum(au)
----------+-----------
 Jan 1999 |          1
 Feb 1999 |          0
 Mar 1999 |          0
 Apr 1999 |          1
 May 1999 |          2
 Jun 1999 |         11
 Jul 1999 |          4
 Aug 1999 |          6
 Sep 1999 |          9
 Oct 1999 |          8
 Nov 1999 |         10
 Dec 1999 |          6
          | 
    Total |         58
----------+-----------

----------+-----------
    Month |    sum(au)
----------+-----------
 Jan 2000 |          2
 Feb 2000 |          1
 Mar 2000 |          4
 Apr 2000 |          3
 May 2000 |          3
 Jun 2000 |          1
 Jul 2000 |          2
 Aug 2000 |          3
 Sep 2000 |          3
 Oct 2000 |          4
 Nov 2000 |          7
 Dec 2000 |          5
          | 
    Total |         38
----------+-----------

----------+-----------
    Month |    sum(au)
----------+-----------
 Jan 2001 |          6
 Feb 2001 |         12
 Mar 2001 |         15
 Apr 2001 |         16
          | 
    Total |         49
----------+-----------

        ***************************************************
              ASCII Plot of au, Year Jan 2000 - Apr 26 2001:
          NOTE: the vertical axis is defacements per month
        ***************************************************


      16 +  
         |  
         |                            **
         |  
    a    |                          *
    u    |  
         |  
         |                    *
         |                      * *
         |    * * *     * * *
       1 + **       * *
          +-----------------------------+
          Jan 00    Month         Apr 01


Last updated:  26 Apr 2001 12:09:55 GMT
(c) Copyright 2000, 2001 Matt Dickerson and Brian Martin
Excerpts from this page may be reproduced if Attrition.org and the URL
http://www.attrition.org/mirror/attrition/tldlogs/au.log are attributed.
