
        *****************************************************
          Total Defacements by month for be, 1999 - 2001:
          The breakout for this TLD can be browsed at:
          http://www.attrition.org/mirror/attrition/be.html
        *****************************************************


----------+-----------
    Month |    sum(be)
----------+-----------
 Jan 1999 |          1
 Feb 1999 |          0
 Mar 1999 |          0
 Apr 1999 |          0
 May 1999 |          9
 Jun 1999 |          1
 Jul 1999 |          1
 Aug 1999 |          0
 Sep 1999 |          0
 Oct 1999 |          3
 Nov 1999 |          4
 Dec 1999 |          4
          | 
    Total |         23
----------+-----------

----------+-----------
    Month |    sum(be)
----------+-----------
 Jan 2000 |          4
 Feb 2000 |          4
 Mar 2000 |         20
 Apr 2000 |          1
 May 2000 |          5
 Jun 2000 |          2
 Jul 2000 |          0
 Aug 2000 |          0
 Sep 2000 |          0
 Oct 2000 |          2
 Nov 2000 |          6
 Dec 2000 |          5
          | 
    Total |         49
----------+-----------

----------+-----------
    Month |    sum(be)
----------+-----------
 Jan 2001 |          5
 Feb 2001 |          3
 Mar 2001 |          7
 Apr 2001 |          2
          | 
    Total |         17
----------+-----------

        ***************************************************
              ASCII Plot of be, Year Jan 2000 - Apr 26 2001:
          NOTE: the vertical axis is defacements per month
        ***************************************************


      20 +  
         |    *
         |  
         |  
    b    |  
    e    |  
         |  
         |                            *
         |        *           * * *
         | **                       *
       0 +      *   * * * * *          *
          +-----------------------------+
          Jan 00    Month         Apr 01


Last updated:  26 Apr 2001 12:09:56 GMT
(c) Copyright 2000, 2001 Matt Dickerson and Brian Martin
Excerpts from this page may be reproduced if Attrition.org and the URL
http://www.attrition.org/mirror/attrition/tldlogs/be.log are attributed.
