
        *****************************************************
          Total Defacements by month for br, 1999 - 2001:
          The breakout for this TLD can be browsed at:
          http://www.attrition.org/mirror/attrition/br.html
        *****************************************************


----------+-----------
    Month |    sum(br)
----------+-----------
 Jan 1999 |          0
 Feb 1999 |          1
 Mar 1999 |          1
 Apr 1999 |          1
 May 1999 |          1
 Jun 1999 |          5
 Jul 1999 |          6
 Aug 1999 |          4
 Sep 1999 |          7
 Oct 1999 |         12
 Nov 1999 |         36
 Dec 1999 |         50
          | 
    Total |        124
----------+-----------

----------+-----------
    Month |    sum(br)
----------+-----------
 Jan 2000 |         27
 Feb 2000 |         46
 Mar 2000 |         42
 Apr 2000 |         26
 May 2000 |         49
 Jun 2000 |         40
 Jul 2000 |         39
 Aug 2000 |         28
 Sep 2000 |         44
 Oct 2000 |         65
 Nov 2000 |         88
 Dec 2000 |         69
          | 
    Total |        563
----------+-----------

----------+-----------
    Month |    sum(br)
----------+-----------
 Jan 2001 |         77
 Feb 2001 |         66
 Mar 2001 |         36
 Apr 2001 |         73
          | 
    Total |        252
----------+-----------

        ***************************************************
              ASCII Plot of br, Year Jan 2000 - Apr 26 2001:
          NOTE: the vertical axis is defacements per month
        ***************************************************


      88 +  
         |                    *
         |  
         |                        *
    b    |                      *      *
    r    |                  *       *
         |  
         |        *
         |  * *     *     *
         |            *               *
      26 + *    *       *
          +-----------------------------+
          Jan 00    Month         Apr 01


Last updated:  26 Apr 2001 12:09:56 GMT
(c) Copyright 2000, 2001 Matt Dickerson and Brian Martin
Excerpts from this page may be reproduced if Attrition.org and the URL
http://www.attrition.org/mirror/attrition/tldlogs/br.log are attributed.
