
        *****************************************************
          Total Defacements by month for ca, 1999 - 2001:
          The breakout for this TLD can be browsed at:
          http://www.attrition.org/mirror/attrition/ca.html
        *****************************************************


----------+-----------
    Month |    sum(ca)
----------+-----------
 Jan 1999 |          1
 Feb 1999 |          1
 Mar 1999 |          1
 Apr 1999 |          3
 May 1999 |          3
 Jun 1999 |          0
 Jul 1999 |          0
 Aug 1999 |          2
 Sep 1999 |          2
 Oct 1999 |         11
 Nov 1999 |         16
 Dec 1999 |          4
          | 
    Total |         44
----------+-----------

----------+-----------
    Month |    sum(ca)
----------+-----------
 Jan 2000 |         17
 Feb 2000 |          4
 Mar 2000 |          5
 Apr 2000 |          0
 May 2000 |          3
 Jun 2000 |          2
 Jul 2000 |          3
 Aug 2000 |          2
 Sep 2000 |          1
 Oct 2000 |          6
 Nov 2000 |          7
 Dec 2000 |          3
          | 
    Total |         53
----------+-----------

----------+-----------
    Month |    sum(ca)
----------+-----------
 Jan 2001 |          8
 Feb 2001 |         16
 Mar 2001 |          3
 Apr 2001 |          4
          | 
    Total |         31
----------+-----------

        ***************************************************
              ASCII Plot of ca, Year Jan 2000 - Apr 26 2001:
          NOTE: the vertical axis is defacements per month
        ***************************************************


      17 +  
         | *
         |                          *
         |  
    c    |  
    a    |  
         |                        *
         |                  * *
         |  * *                        *
         |        * * * *       *     *
       0 +      *         *
          +-----------------------------+
          Jan 00    Month         Apr 01


Last updated:  26 Apr 2001 12:09:56 GMT
(c) Copyright 2000, 2001 Matt Dickerson and Brian Martin
Excerpts from this page may be reproduced if Attrition.org and the URL
http://www.attrition.org/mirror/attrition/tldlogs/ca.log are attributed.
