
        *****************************************************
          Total Defacements by month for ch, 1999 - 2001:
          The breakout for this TLD can be browsed at:
          http://www.attrition.org/mirror/attrition/ch.html
        *****************************************************


----------+-----------
    Month |    sum(ch)
----------+-----------
 Jan 1999 |          0
 Feb 1999 |          0
 Mar 1999 |          0
 Apr 1999 |          0
 May 1999 |          2
 Jun 1999 |          1
 Jul 1999 |          1
 Aug 1999 |          1
 Sep 1999 |          2
 Oct 1999 |          1
 Nov 1999 |         18
 Dec 1999 |          0
          | 
    Total |         26
----------+-----------

----------+-----------
    Month |    sum(ch)
----------+-----------
 Jan 2000 |          0
 Feb 2000 |          1
 Mar 2000 |          0
 Apr 2000 |          1
 May 2000 |          3
 Jun 2000 |          9
 Jul 2000 |          4
 Aug 2000 |          2
 Sep 2000 |          2
 Oct 2000 |          1
 Nov 2000 |          4
 Dec 2000 |          3
          | 
    Total |         30
----------+-----------

----------+-----------
    Month |    sum(ch)
----------+-----------
 Jan 2001 |          2
 Feb 2001 |          3
 Mar 2001 |          7
 Apr 2001 |          6
          | 
    Total |         18
----------+-----------

        ***************************************************
              ASCII Plot of ch, Year Jan 2000 - Apr 26 2001:
          NOTE: the vertical axis is defacements per month
        ***************************************************


       9 +  
         |          *
         |  
         |                            *
    c    |                             *
    h    |  
         |            *       *
         |        *             *   *
         |              * *       *
         |  *   *           *
       0 + *  *
          +-----------------------------+
          Jan 00    Month         Apr 01


Last updated:  26 Apr 2001 12:09:56 GMT
(c) Copyright 2000, 2001 Matt Dickerson and Brian Martin
Excerpts from this page may be reproduced if Attrition.org and the URL
http://www.attrition.org/mirror/attrition/tldlogs/ch.log are attributed.
