
        *****************************************************
          Total Defacements by month for cl, 1999 - 2001:
          The breakout for this TLD can be browsed at:
          http://www.attrition.org/mirror/attrition/cl.html
        *****************************************************


----------+-----------
    Month |    sum(cl)
----------+-----------
 Jan 1999 |          0
 Feb 1999 |          1
 Mar 1999 |          0
 Apr 1999 |          0
 May 1999 |          0
 Jun 1999 |          0
 Jul 1999 |          0
 Aug 1999 |          1
 Sep 1999 |          0
 Oct 1999 |          0
 Nov 1999 |          0
 Dec 1999 |          0
          | 
    Total |          2
----------+-----------

----------+-----------
    Month |    sum(cl)
----------+-----------
 Jan 2000 |          0
 Feb 2000 |          1
 Mar 2000 |          0
 Apr 2000 |          2
 May 2000 |          1
 Jun 2000 |          0
 Jul 2000 |          0
 Aug 2000 |          0
 Sep 2000 |          0
 Oct 2000 |         10
 Nov 2000 |          4
 Dec 2000 |         11
          | 
    Total |         29
----------+-----------

----------+-----------
    Month |    sum(cl)
----------+-----------
 Jan 2001 |          6
 Feb 2001 |          9
 Mar 2001 |          4
 Apr 2001 |         16
          | 
    Total |         35
----------+-----------

        ***************************************************
              ASCII Plot of cl, Year Jan 2000 - Apr 26 2001:
          NOTE: the vertical axis is defacements per month
        ***************************************************


      16 +  
         |                             *
         |  
         |  
    c    |                      *
    l    |                  *       *
         |  
         |                        *
         |                    *       *
         |      *
       0 + ** *   * * * * *
          +-----------------------------+
          Jan 00    Month         Apr 01


Last updated:  26 Apr 2001 12:09:56 GMT
(c) Copyright 2000, 2001 Matt Dickerson and Brian Martin
Excerpts from this page may be reproduced if Attrition.org and the URL
http://www.attrition.org/mirror/attrition/tldlogs/cl.log are attributed.
