
        *****************************************************
          Total Defacements by month for cn, 1999 - 2001:
          The breakout for this TLD can be browsed at:
          http://www.attrition.org/mirror/attrition/cn.html
        *****************************************************


----------+-----------
    Month |    sum(cn)
----------+-----------
 Jan 1999 |         12
 Feb 1999 |          0
 Mar 1999 |          1
 Apr 1999 |          1
 May 1999 |          4
 Jun 1999 |         10
 Jul 1999 |          1
 Aug 1999 |          7
 Sep 1999 |          1
 Oct 1999 |          3
 Nov 1999 |          3
 Dec 1999 |          3
          | 
    Total |         46
----------+-----------

----------+-----------
    Month |    sum(cn)
----------+-----------
 Jan 2000 |          3
 Feb 2000 |          1
 Mar 2000 |          2
 Apr 2000 |          0
 May 2000 |          0
 Jun 2000 |          2
 Jul 2000 |          3
 Aug 2000 |          1
 Sep 2000 |          0
 Oct 2000 |          5
 Nov 2000 |         14
 Dec 2000 |         22
          | 
    Total |         53
----------+-----------

----------+-----------
    Month |    sum(cn)
----------+-----------
 Jan 2001 |         14
 Feb 2001 |          9
 Mar 2001 |         33
 Apr 2001 |         99
          | 
    Total |        155
----------+-----------

        ***************************************************
              ASCII Plot of cn, Year Jan 2000 - Apr 26 2001:
          NOTE: the vertical axis is defacements per month
        ***************************************************


      99 +  
         |                             *
         |  
         |  
    c    |  
    n    |  
         |  
         |                            *
         |                      *
         |                    *   *
       0 + ** * * * * * * * *       *
          +-----------------------------+
          Jan 00    Month         Apr 01


Last updated:  26 Apr 2001 12:09:57 GMT
(c) Copyright 2000, 2001 Matt Dickerson and Brian Martin
Excerpts from this page may be reproduced if Attrition.org and the URL
http://www.attrition.org/mirror/attrition/tldlogs/cn.log are attributed.
