
        *****************************************************
          Total Defacements by month for co, 1999 - 2001:
          The breakout for this TLD can be browsed at:
          http://www.attrition.org/mirror/attrition/co.html
        *****************************************************


----------+-----------
    Month |    sum(co)
----------+-----------
 Jan 1999 |          0
 Feb 1999 |          0
 Mar 1999 |          0
 Apr 1999 |          0
 May 1999 |          0
 Jun 1999 |          0
 Jul 1999 |          0
 Aug 1999 |          1
 Sep 1999 |          0
 Oct 1999 |          2
 Nov 1999 |          0
 Dec 1999 |          1
          | 
    Total |          4
----------+-----------

----------+-----------
    Month |    sum(co)
----------+-----------
 Jan 2000 |          2
 Feb 2000 |          2
 Mar 2000 |          1
 Apr 2000 |          0
 May 2000 |          2
 Jun 2000 |          3
 Jul 2000 |          5
 Aug 2000 |          0
 Sep 2000 |          0
 Oct 2000 |          0
 Nov 2000 |          8
 Dec 2000 |          7
          | 
    Total |         30
----------+-----------

----------+-----------
    Month |    sum(co)
----------+-----------
 Jan 2001 |          5
 Feb 2001 |          1
 Mar 2001 |          4
 Apr 2001 |          4
          | 
    Total |         14
----------+-----------

        ***************************************************
              ASCII Plot of co, Year Jan 2000 - Apr 26 2001:
          NOTE: the vertical axis is defacements per month
        ***************************************************


       8 +  
         |                    *
         |  
         |                      *
    c    |  
    o    |            *           *
         |                            **
         |          *
         | **     *
         |    *                     *
       0 +      *       * * *
          +-----------------------------+
          Jan 00    Month         Apr 01


Last updated:  26 Apr 2001 12:09:57 GMT
(c) Copyright 2000, 2001 Matt Dickerson and Brian Martin
Excerpts from this page may be reproduced if Attrition.org and the URL
http://www.attrition.org/mirror/attrition/tldlogs/co.log are attributed.
