
        *****************************************************
          Total Defacements by month for com, 1999 - 2001:
          The breakout for this TLD can be browsed at:
          http://www.attrition.org/mirror/attrition/com.html
        *****************************************************


----------+-----------
    Month |   sum(com)
----------+-----------
 Jan 1999 |         39
 Feb 1999 |         32
 Mar 1999 |         72
 Apr 1999 |        129
 May 1999 |        182
 Jun 1999 |        143
 Jul 1999 |        191
 Aug 1999 |        172
 Sep 1999 |        130
 Oct 1999 |        259
 Nov 1999 |        243
 Dec 1999 |        178
          | 
    Total |       1770
----------+-----------

----------+-----------
    Month |   sum(com)
----------+-----------
 Jan 2000 |        178
 Feb 2000 |        153
 Mar 2000 |        162
 Apr 2000 |        137
 May 2000 |        124
 Jun 2000 |        114
 Jul 2000 |        166
 Aug 2000 |        275
 Sep 2000 |        192
 Oct 2000 |        157
 Nov 2000 |        214
 Dec 2000 |        219
          | 
    Total |       2091
----------+-----------

----------+-----------
    Month |   sum(com)
----------+-----------
 Jan 2001 |        316
 Feb 2001 |        317
 Mar 2001 |        291
 Apr 2001 |        359
          | 
    Total |       1283
----------+-----------

        ***************************************************
              ASCII Plot of com, Year Jan 2000 - Apr 26 2001:
          NOTE: the vertical axis is defacements per month
        ***************************************************


     359 +  
         |                             *
         |  
         |                        * *
    c    |                            *
    o    |              *
    m    |  
         |                    * *
         | *              *
         |  * *       *     *
     114 +      * * *
          +-----------------------------+
          Jan 00    Month         Apr 01


Last updated:  26 Apr 2001 12:09:57 GMT
(c) Copyright 2000, 2001 Matt Dickerson and Brian Martin
Excerpts from this page may be reproduced if Attrition.org and the URL
http://www.attrition.org/mirror/attrition/tldlogs/com.log are attributed.
