
        *****************************************************
          Total Defacements by month for cr, 1999 - 2001:
          The breakout for this TLD can be browsed at:
          http://www.attrition.org/mirror/attrition/cr.html
        *****************************************************


----------+-----------
    Month |    sum(cr)
----------+-----------
 Jan 1999 |          0
 Feb 1999 |          0
 Mar 1999 |          0
 Apr 1999 |          0
 May 1999 |          0
 Jun 1999 |          0
 Jul 1999 |          0
 Aug 1999 |          0
 Sep 1999 |          0
 Oct 1999 |          0
 Nov 1999 |          0
 Dec 1999 |          1
          | 
    Total |          1
----------+-----------

----------+-----------
    Month |    sum(cr)
----------+-----------
 Jan 2000 |          2
 Feb 2000 |          0
 Mar 2000 |          0
 Apr 2000 |          0
 May 2000 |          0
 Jun 2000 |          2
 Jul 2000 |          0
 Aug 2000 |          0
 Sep 2000 |          1
 Oct 2000 |          2
 Nov 2000 |          3
 Dec 2000 |          0
          | 
    Total |         10
----------+-----------

----------+-----------
    Month |    sum(cr)
----------+-----------
 Jan 2001 |          2
 Feb 2001 |          0
 Mar 2001 |          1
 Apr 2001 |          2
          | 
    Total |          5
----------+-----------

        ***************************************************
              ASCII Plot of cr, Year Jan 2000 - Apr 26 2001:
          NOTE: the vertical axis is defacements per month
        ***************************************************


       3 +  
         |                    *
         |  
         |  
    c    | *        *       *     *    *
    r    |  
         |  
         |                *           *
         |  
         |  
       0 +  * * * *   * *       *   *
          +-----------------------------+
          Jan 00    Month         Apr 01


Last updated:  26 Apr 2001 12:09:57 GMT
(c) Copyright 2000, 2001 Matt Dickerson and Brian Martin
Excerpts from this page may be reproduced if Attrition.org and the URL
http://www.attrition.org/mirror/attrition/tldlogs/cr.log are attributed.
