
        *****************************************************
          Total Defacements by month for cz, 1999 - 2001:
          The breakout for this TLD can be browsed at:
          http://www.attrition.org/mirror/attrition/cz.html
        *****************************************************


----------+-----------
    Month |    sum(cz)
----------+-----------
 Jan 1999 |          0
 Feb 1999 |          0
 Mar 1999 |          0
 Apr 1999 |          1
 May 1999 |          2
 Jun 1999 |          1
 Jul 1999 |          1
 Aug 1999 |          1
 Sep 1999 |          0
 Oct 1999 |          1
 Nov 1999 |          0
 Dec 1999 |          0
          | 
    Total |          7
----------+-----------

----------+-----------
    Month |    sum(cz)
----------+-----------
 Jan 2000 |          0
 Feb 2000 |          0
 Mar 2000 |          0
 Apr 2000 |          0
 May 2000 |          0
 Jun 2000 |          1
 Jul 2000 |          1
 Aug 2000 |          3
 Sep 2000 |          0
 Oct 2000 |          1
 Nov 2000 |          5
 Dec 2000 |          3
          | 
    Total |         14
----------+-----------

----------+-----------
    Month |    sum(cz)
----------+-----------
 Jan 2001 |          1
 Feb 2001 |          3
 Mar 2001 |          4
 Apr 2001 |          3
          | 
    Total |         11
----------+-----------

        ***************************************************
              ASCII Plot of cz, Year Jan 2000 - Apr 26 2001:
          NOTE: the vertical axis is defacements per month
        ***************************************************


       5 +  
         |                    *
         |  
         |                            *
    c    |  
    z    |              *       *   *  *
         |  
         |  
         |  
         |          * *     *     *
       0 + ** * * *       *
          +-----------------------------+
          Jan 00    Month         Apr 01


Last updated:  26 Apr 2001 12:09:57 GMT
(c) Copyright 2000, 2001 Matt Dickerson and Brian Martin
Excerpts from this page may be reproduced if Attrition.org and the URL
http://www.attrition.org/mirror/attrition/tldlogs/cz.log are attributed.
