
        *****************************************************
          Total Defacements by month for de, 1999 - 2001:
          The breakout for this TLD can be browsed at:
          http://www.attrition.org/mirror/attrition/de.html
        *****************************************************


----------+-----------
    Month |    sum(de)
----------+-----------
 Jan 1999 |          3
 Feb 1999 |          0
 Mar 1999 |          0
 Apr 1999 |          0
 May 1999 |          0
 Jun 1999 |          1
 Jul 1999 |          7
 Aug 1999 |          5
 Sep 1999 |          5
 Oct 1999 |          1
 Nov 1999 |          6
 Dec 1999 |          4
          | 
    Total |         32
----------+-----------

----------+-----------
    Month |    sum(de)
----------+-----------
 Jan 2000 |          1
 Feb 2000 |          2
 Mar 2000 |          3
 Apr 2000 |          5
 May 2000 |          6
 Jun 2000 |          4
 Jul 2000 |          9
 Aug 2000 |         10
 Sep 2000 |         16
 Oct 2000 |         12
 Nov 2000 |         13
 Dec 2000 |          4
          | 
    Total |         85
----------+-----------

----------+-----------
    Month |    sum(de)
----------+-----------
 Jan 2001 |          5
 Feb 2001 |         12
 Mar 2001 |          8
 Apr 2001 |          8
          | 
    Total |         33
----------+-----------

        ***************************************************
              ASCII Plot of de, Year Jan 2000 - Apr 26 2001:
          NOTE: the vertical axis is defacements per month
        ***************************************************


      16 +  
         |  
         |                *
         |                    *
    d    |                  *       *
    e    |              *
         |            *               **
         |  
         |      * *               *
         |    *     *           *
       1 + **
          +-----------------------------+
          Jan 00    Month         Apr 01


Last updated:  26 Apr 2001 12:09:57 GMT
(c) Copyright 2000, 2001 Matt Dickerson and Brian Martin
Excerpts from this page may be reproduced if Attrition.org and the URL
http://www.attrition.org/mirror/attrition/tldlogs/de.log are attributed.
