
        *****************************************************
          Total Defacements by month for dk, 1999 - 2001:
          The breakout for this TLD can be browsed at:
          http://www.attrition.org/mirror/attrition/dk.html
        *****************************************************


----------+-----------
    Month |    sum(dk)
----------+-----------
 Jan 1999 |          0
 Feb 1999 |          0
 Mar 1999 |          0
 Apr 1999 |          0
 May 1999 |          1
 Jun 1999 |          1
 Jul 1999 |          1
 Aug 1999 |          2
 Sep 1999 |          1
 Oct 1999 |          2
 Nov 1999 |          0
 Dec 1999 |          0
          | 
    Total |          8
----------+-----------

----------+-----------
    Month |    sum(dk)
----------+-----------
 Jan 2000 |          1
 Feb 2000 |          0
 Mar 2000 |          3
 Apr 2000 |          3
 May 2000 |          4
 Jun 2000 |          0
 Jul 2000 |          2
 Aug 2000 |          3
 Sep 2000 |          3
 Oct 2000 |          3
 Nov 2000 |          3
 Dec 2000 |          2
          | 
    Total |         27
----------+-----------

----------+-----------
    Month |    sum(dk)
----------+-----------
 Jan 2001 |          3
 Feb 2001 |          2
 Mar 2001 |          2
 Apr 2001 |          2
          | 
    Total |          9
----------+-----------

        ***************************************************
              ASCII Plot of dk, Year Jan 2000 - Apr 26 2001:
          NOTE: the vertical axis is defacements per month
        ***************************************************


       4 +  
         |        *
         |  
         |  
    d    |    * *       * * * *   *
    k    |  
         |            *         *   * **
         |  
         | *
         |  
       0 +  *       *
          +-----------------------------+
          Jan 00    Month         Apr 01


Last updated:  26 Apr 2001 12:09:57 GMT
(c) Copyright 2000, 2001 Matt Dickerson and Brian Martin
Excerpts from this page may be reproduced if Attrition.org and the URL
http://www.attrition.org/mirror/attrition/tldlogs/dk.log are attributed.
