
        *****************************************************
          Total Defacements by month for edu, 1999 - 2001:
          The breakout for this TLD can be browsed at:
          http://www.attrition.org/mirror/attrition/edu.html
        *****************************************************


----------+-----------
    Month |   sum(edu)
----------+-----------
 Jan 1999 |          1
 Feb 1999 |          1
 Mar 1999 |          1
 Apr 1999 |         13
 May 1999 |         43
 Jun 1999 |         35
 Jul 1999 |         11
 Aug 1999 |         10
 Sep 1999 |          7
 Oct 1999 |         12
 Nov 1999 |         28
 Dec 1999 |         11
          | 
    Total |        173
----------+-----------

----------+-----------
    Month |   sum(edu)
----------+-----------
 Jan 2000 |         37
 Feb 2000 |         10
 Mar 2000 |         26
 Apr 2000 |         24
 May 2000 |         22
 Jun 2000 |         28
 Jul 2000 |         20
 Aug 2000 |         14
 Sep 2000 |         22
 Oct 2000 |         20
 Nov 2000 |         25
 Dec 2000 |         32
          | 
    Total |        280
----------+-----------

----------+-----------
    Month |   sum(edu)
----------+-----------
 Jan 2001 |         27
 Feb 2001 |         23
 Mar 2001 |         21
 Apr 2001 |         42
          | 
    Total |        113
----------+-----------

        ***************************************************
              ASCII Plot of edu, Year Jan 2000 - Apr 26 2001:
          NOTE: the vertical axis is defacements per month
        ***************************************************


      42 +  
         |                             *
         |  
         | *
    e    |                      *
    d    |          *
    u    |    *               *   *
         |      * *       *         * *
         |            *     *
         |              *
      10 +  *
          +-----------------------------+
          Jan 00    Month         Apr 01


Last updated:  26 Apr 2001 12:09:57 GMT
(c) Copyright 2000, 2001 Matt Dickerson and Brian Martin
Excerpts from this page may be reproduced if Attrition.org and the URL
http://www.attrition.org/mirror/attrition/tldlogs/edu.log are attributed.
