
        *****************************************************
          Total Defacements by month for es, 1999 - 2001:
          The breakout for this TLD can be browsed at:
          http://www.attrition.org/mirror/attrition/es.html
        *****************************************************


----------+-----------
    Month |    sum(es)
----------+-----------
 Jan 1999 |          0
 Feb 1999 |          0
 Mar 1999 |          0
 Apr 1999 |          1
 May 1999 |          0
 Jun 1999 |          0
 Jul 1999 |          0
 Aug 1999 |          0
 Sep 1999 |          0
 Oct 1999 |          0
 Nov 1999 |          0
 Dec 1999 |          1
          | 
    Total |          2
----------+-----------

----------+-----------
    Month |    sum(es)
----------+-----------
 Jan 2000 |          0
 Feb 2000 |          1
 Mar 2000 |          5
 Apr 2000 |          3
 May 2000 |          2
 Jun 2000 |          1
 Jul 2000 |          0
 Aug 2000 |          6
 Sep 2000 |          1
 Oct 2000 |          0
 Nov 2000 |          3
 Dec 2000 |          3
          | 
    Total |         25
----------+-----------

----------+-----------
    Month |    sum(es)
----------+-----------
 Jan 2001 |          2
 Feb 2001 |          1
 Mar 2001 |          2
 Apr 2001 |          2
          | 
    Total |          7
----------+-----------

        ***************************************************
              ASCII Plot of es, Year Jan 2000 - Apr 26 2001:
          NOTE: the vertical axis is defacements per month
        ***************************************************


       6 +  
         |              *
         |  
         |    *
    e    |  
    s    |  
         |      *             * *
         |        *               *   **
         |  
         |  *       *     *         *
       0 + *          *     *
          +-----------------------------+
          Jan 00    Month         Apr 01


Last updated:  26 Apr 2001 12:09:58 GMT
(c) Copyright 2000, 2001 Matt Dickerson and Brian Martin
Excerpts from this page may be reproduced if Attrition.org and the URL
http://www.attrition.org/mirror/attrition/tldlogs/es.log are attributed.
