
        *****************************************************
          Total Defacements by month for fr, 1999 - 2001:
          The breakout for this TLD can be browsed at:
          http://www.attrition.org/mirror/attrition/fr.html
        *****************************************************


----------+-----------
    Month |    sum(fr)
----------+-----------
 Jan 1999 |          1
 Feb 1999 |          0
 Mar 1999 |          1
 Apr 1999 |          0
 May 1999 |          0
 Jun 1999 |          1
 Jul 1999 |          0
 Aug 1999 |          2
 Sep 1999 |          2
 Oct 1999 |          9
 Nov 1999 |          3
 Dec 1999 |          2
          | 
    Total |         21
----------+-----------

----------+-----------
    Month |    sum(fr)
----------+-----------
 Jan 2000 |          1
 Feb 2000 |          1
 Mar 2000 |          3
 Apr 2000 |          0
 May 2000 |          2
 Jun 2000 |          0
 Jul 2000 |          0
 Aug 2000 |          3
 Sep 2000 |          1
 Oct 2000 |          5
 Nov 2000 |          6
 Dec 2000 |          2
          | 
    Total |         24
----------+-----------

----------+-----------
    Month |    sum(fr)
----------+-----------
 Jan 2001 |          5
 Feb 2001 |          2
 Mar 2001 |          2
 Apr 2001 |          4
          | 
    Total |         13
----------+-----------

        ***************************************************
              ASCII Plot of fr, Year Jan 2000 - Apr 26 2001:
          NOTE: the vertical axis is defacements per month
        ***************************************************


       6 +  
         |                    *
         |  
         |                  *     *
    f    |                             *
    r    |  
         |    *         *
         |        *             *   * *
         |  
         | **             *
       0 +      *   * *
          +-----------------------------+
          Jan 00    Month         Apr 01


Last updated:  26 Apr 2001 12:09:58 GMT
(c) Copyright 2000, 2001 Matt Dickerson and Brian Martin
Excerpts from this page may be reproduced if Attrition.org and the URL
http://www.attrition.org/mirror/attrition/tldlogs/fr.log are attributed.
