
        *****************************************************
          Total Defacements by month for gov, 1999 - 2001:
          The breakout for this TLD can be browsed at:
          http://www.attrition.org/mirror/attrition/gov.html
        *****************************************************


----------+-----------
    Month |   sum(gov)
----------+-----------
 Jan 1999 |          7
 Feb 1999 |          3
 Mar 1999 |          2
 Apr 1999 |         12
 May 1999 |         21
 Jun 1999 |         24
 Jul 1999 |          5
 Aug 1999 |          3
 Sep 1999 |          3
 Oct 1999 |         17
 Nov 1999 |         51
 Dec 1999 |         15
          | 
    Total |        163
----------+-----------

----------+-----------
    Month |   sum(gov)
----------+-----------
 Jan 2000 |         11
 Feb 2000 |         15
 Mar 2000 |          6
 Apr 2000 |          4
 May 2000 |         27
 Jun 2000 |          9
 Jul 2000 |         21
 Aug 2000 |          8
 Sep 2000 |          6
 Oct 2000 |         11
 Nov 2000 |         19
 Dec 2000 |         15
          | 
    Total |        152
----------+-----------

----------+-----------
    Month |   sum(gov)
----------+-----------
 Jan 2001 |         12
 Feb 2001 |          6
 Mar 2001 |         29
 Apr 2001 |         18
          | 
    Total |         65
----------+-----------

        ***************************************************
              ASCII Plot of gov, Year Jan 2000 - Apr 26 2001:
          NOTE: the vertical axis is defacements per month
        ***************************************************


      29 +  
         |  
         |        *                   *
         |  
    g    |            *
    o    |                    *        *
    v    |  
         |  *                   *
         | *                *     *
         |          *   *
       4 +    * *         *         *
          +-----------------------------+
          Jan 00    Month         Apr 01


Last updated:  26 Apr 2001 12:09:58 GMT
(c) Copyright 2000, 2001 Matt Dickerson and Brian Martin
Excerpts from this page may be reproduced if Attrition.org and the URL
http://www.attrition.org/mirror/attrition/tldlogs/gov.log are attributed.
