
        *****************************************************
          Total Defacements by month for ie, 1999 - 2001:
          The breakout for this TLD can be browsed at:
          http://www.attrition.org/mirror/attrition/ie.html
        *****************************************************


----------+-----------
    Month |    sum(ie)
----------+-----------
 Jan 1999 |          0
 Feb 1999 |          0
 Mar 1999 |          0
 Apr 1999 |          0
 May 1999 |          1
 Jun 1999 |          0
 Jul 1999 |          0
 Aug 1999 |          1
 Sep 1999 |          0
 Oct 1999 |          1
 Nov 1999 |          0
 Dec 1999 |          4
          | 
    Total |          7
----------+-----------

----------+-----------
    Month |    sum(ie)
----------+-----------
 Jan 2000 |          2
 Feb 2000 |          1
 Mar 2000 |          2
 Apr 2000 |          4
 May 2000 |          1
 Jun 2000 |          0
 Jul 2000 |          0
 Aug 2000 |          2
 Sep 2000 |          3
 Oct 2000 |          2
 Nov 2000 |          1
 Dec 2000 |          0
          | 
    Total |         18
----------+-----------

----------+-----------
    Month |    sum(ie)
----------+-----------
 Jan 2001 |          4
 Feb 2001 |          1
 Mar 2001 |          1
 Apr 2001 |          2
          | 
    Total |          8
----------+-----------

        ***************************************************
              ASCII Plot of ie, Year Jan 2000 - Apr 26 2001:
          NOTE: the vertical axis is defacements per month
        ***************************************************


       4 +  
         |      *                 *
         |  
         |  
    i    |                *
    e    |  
         | *  *         *   *          *
         |  
         |  *     *           *     * *
         |  
       0 +          * *         *
          +-----------------------------+
          Jan 00    Month         Apr 01


Last updated:  26 Apr 2001 12:09:59 GMT
(c) Copyright 2000, 2001 Matt Dickerson and Brian Martin
Excerpts from this page may be reproduced if Attrition.org and the URL
http://www.attrition.org/mirror/attrition/tldlogs/ie.log are attributed.
