
        *****************************************************
          Total Defacements by month for il, 1999 - 2001:
          The breakout for this TLD can be browsed at:
          http://www.attrition.org/mirror/attrition/il.html
        *****************************************************


----------+-----------
    Month |    sum(il)
----------+-----------
 Jan 1999 |          0
 Feb 1999 |          0
 Mar 1999 |          0
 Apr 1999 |          0
 May 1999 |          1
 Jun 1999 |          0
 Jul 1999 |          0
 Aug 1999 |          0
 Sep 1999 |          0
 Oct 1999 |          0
 Nov 1999 |          1
 Dec 1999 |          0
          | 
    Total |          2
----------+-----------

----------+-----------
    Month |    sum(il)
----------+-----------
 Jan 2000 |          0
 Feb 2000 |         27
 Mar 2000 |          1
 Apr 2000 |          3
 May 2000 |          0
 Jun 2000 |          1
 Jul 2000 |          4
 Aug 2000 |          3
 Sep 2000 |          0
 Oct 2000 |          5
 Nov 2000 |         62
 Dec 2000 |         25
          | 
    Total |        131
----------+-----------

----------+-----------
    Month |    sum(il)
----------+-----------
 Jan 2001 |         14
 Feb 2001 |         10
 Mar 2001 |          7
 Apr 2001 |         34
          | 
    Total |         65
----------+-----------

        ***************************************************
              ASCII Plot of il, Year Jan 2000 - Apr 26 2001:
          NOTE: the vertical axis is defacements per month
        ***************************************************


      62 +  
         |                    *
         |  
         |  
    i    |  
    l    |  
         |                             *
         |  *                   *
         |                        *
         |                          * *
       0 + *  * * * * * * * *
          +-----------------------------+
          Jan 00    Month         Apr 01


Last updated:  26 Apr 2001 12:09:59 GMT
(c) Copyright 2000, 2001 Matt Dickerson and Brian Martin
Excerpts from this page may be reproduced if Attrition.org and the URL
http://www.attrition.org/mirror/attrition/tldlogs/il.log are attributed.
