
        *****************************************************
          Total Defacements by month for in, 1999 - 2001:
          The breakout for this TLD can be browsed at:
          http://www.attrition.org/mirror/attrition/in.html
        *****************************************************


----------+-----------
    Month |    sum(in)
----------+-----------
 Jan 1999 |          0
 Feb 1999 |          0
 Mar 1999 |          0
 Apr 1999 |          0
 May 1999 |          0
 Jun 1999 |          0
 Jul 1999 |          0
 Aug 1999 |          0
 Sep 1999 |          0
 Oct 1999 |          1
 Nov 1999 |          0
 Dec 1999 |          3
          | 
    Total |          4
----------+-----------

----------+-----------
    Month |    sum(in)
----------+-----------
 Jan 2000 |          0
 Feb 2000 |          2
 Mar 2000 |          7
 Apr 2000 |          1
 May 2000 |          0
 Jun 2000 |          0
 Jul 2000 |          5
 Aug 2000 |         17
 Sep 2000 |          2
 Oct 2000 |         21
 Nov 2000 |          2
 Dec 2000 |         15
          | 
    Total |         72
----------+-----------

----------+-----------
    Month |    sum(in)
----------+-----------
 Jan 2001 |         21
 Feb 2001 |          9
 Mar 2001 |          4
 Apr 2001 |          8
          | 
    Total |         42
----------+-----------

        ***************************************************
              ASCII Plot of in, Year Jan 2000 - Apr 26 2001:
          NOTE: the vertical axis is defacements per month
        ***************************************************


      21 +  
         |  
         |                  *     *
         |              *
    I    |                      *
    N    |  
         |  
         |                          *  *
         |    *       *
         |                            *
       0 + **   * * *     *   *
          +-----------------------------+
          Jan 00    Month         Apr 01


Last updated:  26 Apr 2001 12:09:59 GMT
(c) Copyright 2000, 2001 Matt Dickerson and Brian Martin
Excerpts from this page may be reproduced if Attrition.org and the URL
http://www.attrition.org/mirror/attrition/tldlogs/in.log are attributed.
