
        *****************************************************
          Total Defacements by month for ir, 1999 - 2001:
          The breakout for this TLD can be browsed at:
          http://www.attrition.org/mirror/attrition/ir.html
        *****************************************************


----------+-----------
    Month |    sum(ir)
----------+-----------
 Jan 1999 |          0
 Feb 1999 |          0
 Mar 1999 |          0
 Apr 1999 |          0
 May 1999 |          0
 Jun 1999 |          0
 Jul 1999 |          0
 Aug 1999 |          0
 Sep 1999 |          0
 Oct 1999 |          0
 Nov 1999 |          0
 Dec 1999 |          0
          | 
    Total |          0
----------+-----------

----------+-----------
    Month |    sum(ir)
----------+-----------
 Jan 2000 |          0
 Feb 2000 |          0
 Mar 2000 |          1
 Apr 2000 |          1
 May 2000 |          0
 Jun 2000 |          0
 Jul 2000 |          0
 Aug 2000 |          0
 Sep 2000 |          0
 Oct 2000 |          1
 Nov 2000 |          6
 Dec 2000 |          3
          | 
    Total |         12
----------+-----------

----------+-----------
    Month |    sum(ir)
----------+-----------
 Jan 2001 |          1
 Feb 2001 |          4
 Mar 2001 |          5
 Apr 2001 |          4
          | 
    Total |         14
----------+-----------

        ***************************************************
              ASCII Plot of ir, Year Jan 2000 - Apr 26 2001:
          NOTE: the vertical axis is defacements per month
        ***************************************************


       6 +  
         |                    *
         |  
         |                            *
    i    |                          *  *
    r    |  
         |                      *
         |  
         |  
         |    * *           *     *
       0 + **     * * * * *
          +-----------------------------+
          Jan 00    Month         Apr 01


Last updated:  26 Apr 2001 12:10:00 GMT
(c) Copyright 2000, 2001 Matt Dickerson and Brian Martin
Excerpts from this page may be reproduced if Attrition.org and the URL
http://www.attrition.org/mirror/attrition/tldlogs/ir.log are attributed.
