
        *****************************************************
          Total Defacements by month for it, 1999 - 2001:
          The breakout for this TLD can be browsed at:
          http://www.attrition.org/mirror/attrition/it.html
        *****************************************************


----------+-----------
    Month |    sum(it)
----------+-----------
 Jan 1999 |          0
 Feb 1999 |          0
 Mar 1999 |          0
 Apr 1999 |          0
 May 1999 |          4
 Jun 1999 |          1
 Jul 1999 |          8
 Aug 1999 |          1
 Sep 1999 |          2
 Oct 1999 |          1
 Nov 1999 |          1
 Dec 1999 |          0
          | 
    Total |         18
----------+-----------

----------+-----------
    Month |    sum(it)
----------+-----------
 Jan 2000 |          2
 Feb 2000 |          7
 Mar 2000 |          3
 Apr 2000 |          0
 May 2000 |         20
 Jun 2000 |          7
 Jul 2000 |          3
 Aug 2000 |          5
 Sep 2000 |          5
 Oct 2000 |          5
 Nov 2000 |         13
 Dec 2000 |         12
          | 
    Total |         82
----------+-----------

----------+-----------
    Month |    sum(it)
----------+-----------
 Jan 2001 |         27
 Feb 2001 |          6
 Mar 2001 |          7
 Apr 2001 |          7
          | 
    Total |         47
----------+-----------

        ***************************************************
              ASCII Plot of it, Year Jan 2000 - Apr 26 2001:
          NOTE: the vertical axis is defacements per month
        ***************************************************


      27 +  
         |  
         |                        *
         |  
    i    |        *
    t    |  
         |                    *
         |                      *
         |  *       *                 **
         |              * * *       *
       0 + *  * *     *
          +-----------------------------+
          Jan 00    Month         Apr 01


Last updated:  26 Apr 2001 12:10:00 GMT
(c) Copyright 2000, 2001 Matt Dickerson and Brian Martin
Excerpts from this page may be reproduced if Attrition.org and the URL
http://www.attrition.org/mirror/attrition/tldlogs/it.log are attributed.
