
        *****************************************************
          Total Defacements by month for jp, 1999 - 2001:
          The breakout for this TLD can be browsed at:
          http://www.attrition.org/mirror/attrition/jp.html
        *****************************************************


----------+-----------
    Month |    sum(jp)
----------+-----------
 Jan 1999 |          0
 Feb 1999 |          4
 Mar 1999 |          2
 Apr 1999 |          2
 May 1999 |          2
 Jun 1999 |          2
 Jul 1999 |          0
 Aug 1999 |          1
 Sep 1999 |          1
 Oct 1999 |          3
 Nov 1999 |          5
 Dec 1999 |          3
          | 
    Total |         25
----------+-----------

----------+-----------
    Month |    sum(jp)
----------+-----------
 Jan 2000 |         14
 Feb 2000 |          3
 Mar 2000 |          8
 Apr 2000 |          0
 May 2000 |          2
 Jun 2000 |          2
 Jul 2000 |          3
 Aug 2000 |          2
 Sep 2000 |          2
 Oct 2000 |          1
 Nov 2000 |          5
 Dec 2000 |          9
          | 
    Total |         51
----------+-----------

----------+-----------
    Month |    sum(jp)
----------+-----------
 Jan 2001 |         11
 Feb 2001 |         27
 Mar 2001 |         17
 Apr 2001 |         22
          | 
    Total |         77
----------+-----------

        ***************************************************
              ASCII Plot of jp, Year Jan 2000 - Apr 26 2001:
          NOTE: the vertical axis is defacements per month
        ***************************************************


      27 +  
         |  
         |                          *
         |                             *
    j    |  
    p    |                            *
         | *
         |                        *
         |    *                 *
         |                    *
       0 +  *   * * * * * * *
          +-----------------------------+
          Jan 00    Month         Apr 01


Last updated:  26 Apr 2001 12:10:00 GMT
(c) Copyright 2000, 2001 Matt Dickerson and Brian Martin
Excerpts from this page may be reproduced if Attrition.org and the URL
http://www.attrition.org/mirror/attrition/tldlogs/jp.log are attributed.
