
        *****************************************************
          Total Defacements by month for kr, 1999 - 2001:
          The breakout for this TLD can be browsed at:
          http://www.attrition.org/mirror/attrition/kr.html
        *****************************************************


----------+-----------
    Month |    sum(kr)
----------+-----------
 Jan 1999 |          0
 Feb 1999 |          0
 Mar 1999 |          0
 Apr 1999 |          0
 May 1999 |          5
 Jun 1999 |          2
 Jul 1999 |          2
 Aug 1999 |          1
 Sep 1999 |          3
 Oct 1999 |          5
 Nov 1999 |          7
 Dec 1999 |          3
          | 
    Total |         28
----------+-----------

----------+-----------
    Month |    sum(kr)
----------+-----------
 Jan 2000 |          4
 Feb 2000 |         17
 Mar 2000 |          8
 Apr 2000 |          7
 May 2000 |         17
 Jun 2000 |         14
 Jul 2000 |         15
 Aug 2000 |         20
 Sep 2000 |         12
 Oct 2000 |          4
 Nov 2000 |         10
 Dec 2000 |          1
          | 
    Total |        129
----------+-----------

----------+-----------
    Month |    sum(kr)
----------+-----------
 Jan 2001 |         16
 Feb 2001 |         23
 Mar 2001 |         44
 Apr 2001 |         31
          | 
    Total |        114
----------+-----------

        ***************************************************
              ASCII Plot of kr, Year Jan 2000 - Apr 26 2001:
          NOTE: the vertical axis is defacements per month
        ***************************************************


      44 +  
         |                            *
         |  
         |  
    k    |                             *
    r    |  
         |                          *
         |  *     *     *         *
         |          * *   *
         |    * *             *
       1 + *                *   *
          +-----------------------------+
          Jan 00    Month         Apr 01


Last updated:  26 Apr 2001 12:10:00 GMT
(c) Copyright 2000, 2001 Matt Dickerson and Brian Martin
Excerpts from this page may be reproduced if Attrition.org and the URL
http://www.attrition.org/mirror/attrition/tldlogs/kr.log are attributed.
