
        *****************************************************
          Total Defacements by month for lk, 1999 - 2001:
          The breakout for this TLD can be browsed at:
          http://www.attrition.org/mirror/attrition/lk.html
        *****************************************************


----------+-----------
    Month |    sum(lk)
----------+-----------
 Jan 1999 |          0
 Feb 1999 |          0
 Mar 1999 |          0
 Apr 1999 |          0
 May 1999 |          0
 Jun 1999 |          0
 Jul 1999 |          0
 Aug 1999 |          0
 Sep 1999 |          0
 Oct 1999 |          0
 Nov 1999 |          0
 Dec 1999 |          0
          | 
    Total |          0
----------+-----------

----------+-----------
    Month |    sum(lk)
----------+-----------
 Jan 2000 |          0
 Feb 2000 |          0
 Mar 2000 |          0
 Apr 2000 |          0
 May 2000 |          0
 Jun 2000 |          1
 Jul 2000 |          0
 Aug 2000 |          0
 Sep 2000 |          0
 Oct 2000 |          0
 Nov 2000 |          0
 Dec 2000 |          3
          | 
    Total |          4
----------+-----------

----------+-----------
    Month |    sum(lk)
----------+-----------
 Jan 2001 |          0
 Feb 2001 |          0
 Mar 2001 |          1
 Apr 2001 |          1
          | 
    Total |          2
----------+-----------

        ***************************************************
              ASCII Plot of lk, Year Jan 2000 - Apr 26 2001:
          NOTE: the vertical axis is defacements per month
        ***************************************************


       3 +  
         |                      *
         |  
         |  
    l    |  
    k    |  
         |  
         |          *                 **
         |  
         |  
       0 + ** * * *   * * * * *   * *
          +-----------------------------+
          Jan 00    Month         Apr 01


Last updated:  26 Apr 2001 12:10:00 GMT
(c) Copyright 2000, 2001 Matt Dickerson and Brian Martin
Excerpts from this page may be reproduced if Attrition.org and the URL
http://www.attrition.org/mirror/attrition/tldlogs/lk.log are attributed.
