
        *****************************************************
          Total Defacements by month for ma, 1999 - 2001:
          The breakout for this TLD can be browsed at:
          http://www.attrition.org/mirror/attrition/ma.html
        *****************************************************


----------+-----------
    Month |    sum(ma)
----------+-----------
 Jan 1999 |          0
 Feb 1999 |          0
 Mar 1999 |          0
 Apr 1999 |          0
 May 1999 |          0
 Jun 1999 |          0
 Jul 1999 |          0
 Aug 1999 |          1
 Sep 1999 |          0
 Oct 1999 |          0
 Nov 1999 |          0
 Dec 1999 |          0
          | 
    Total |          1
----------+-----------

----------+-----------
    Month |    sum(ma)
----------+-----------
 Jan 2000 |          0
 Feb 2000 |          0
 Mar 2000 |          1
 Apr 2000 |          0
 May 2000 |          0
 Jun 2000 |          0
 Jul 2000 |          1
 Aug 2000 |          0
 Sep 2000 |          0
 Oct 2000 |          0
 Nov 2000 |          2
 Dec 2000 |          4
          | 
    Total |          8
----------+-----------

----------+-----------
    Month |    sum(ma)
----------+-----------
 Jan 2001 |         14
 Feb 2001 |          5
 Mar 2001 |          4
 Apr 2001 |          4
          | 
    Total |         27
----------+-----------

        ***************************************************
              ASCII Plot of ma, Year Jan 2000 - Apr 26 2001:
          NOTE: the vertical axis is defacements per month
        ***************************************************


      14 +  
         |                        *
         |  
         |  
    m    |  
    a    |  
         |  
         |                          *
         |                      *     **
         |                    *
       0 + ** * * * * * * * *
          +-----------------------------+
          Jan 00    Month         Apr 01


Last updated:  26 Apr 2001 12:10:01 GMT
(c) Copyright 2000, 2001 Matt Dickerson and Brian Martin
Excerpts from this page may be reproduced if Attrition.org and the URL
http://www.attrition.org/mirror/attrition/tldlogs/ma.log are attributed.
