
        *****************************************************
          Total Defacements by month for mil, 1999 - 2001:
          The breakout for this TLD can be browsed at:
          http://www.attrition.org/mirror/attrition/mil.html
        *****************************************************


----------+-----------
    Month |   sum(mil)
----------+-----------
 Jan 1999 |          1
 Feb 1999 |          1
 Mar 1999 |          4
 Apr 1999 |          5
 May 1999 |         13
 Jun 1999 |          6
 Jul 1999 |          6
 Aug 1999 |          3
 Sep 1999 |          2
 Oct 1999 |         28
 Nov 1999 |         18
 Dec 1999 |          6
          | 
    Total |         93
----------+-----------

----------+-----------
    Month |   sum(mil)
----------+-----------
 Jan 2000 |          8
 Feb 2000 |          2
 Mar 2000 |          4
 Apr 2000 |          6
 May 2000 |          4
 Jun 2000 |          4
 Jul 2000 |          1
 Aug 2000 |          3
 Sep 2000 |         11
 Oct 2000 |          1
 Nov 2000 |          2
 Dec 2000 |          2
          | 
    Total |         48
----------+-----------

----------+-----------
    Month |   sum(mil)
----------+-----------
 Jan 2001 |          3
 Feb 2001 |          4
 Mar 2001 |         13
 Apr 2001 |          7
          | 
    Total |         27
----------+-----------

        ***************************************************
              ASCII Plot of mil, Year Jan 2000 - Apr 26 2001:
          NOTE: the vertical axis is defacements per month
        ***************************************************


      13 +  
         |                            *
         |  
         |                *
    m    |  
    i    | *
    l    |                             *
         |      *
         |    *   * *               *
         |              *         *
       1 +  *         *     * * *
          +-----------------------------+
          Jan 00    Month         Apr 01


Last updated:  26 Apr 2001 12:10:01 GMT
(c) Copyright 2000, 2001 Matt Dickerson and Brian Martin
Excerpts from this page may be reproduced if Attrition.org and the URL
http://www.attrition.org/mirror/attrition/tldlogs/mil.log are attributed.
