
        *****************************************************
          Total Defacements by month for mx, 1999 - 2001:
          The breakout for this TLD can be browsed at:
          http://www.attrition.org/mirror/attrition/mx.html
        *****************************************************


----------+-----------
    Month |    sum(mx)
----------+-----------
 Jan 1999 |          0
 Feb 1999 |          4
 Mar 1999 |          9
 Apr 1999 |         22
 May 1999 |          9
 Jun 1999 |         10
 Jul 1999 |          1
 Aug 1999 |          7
 Sep 1999 |          3
 Oct 1999 |          7
 Nov 1999 |          4
 Dec 1999 |          1
          | 
    Total |         77
----------+-----------

----------+-----------
    Month |    sum(mx)
----------+-----------
 Jan 2000 |          2
 Feb 2000 |          7
 Mar 2000 |          2
 Apr 2000 |          3
 May 2000 |          3
 Jun 2000 |         10
 Jul 2000 |          8
 Aug 2000 |          8
 Sep 2000 |         12
 Oct 2000 |         18
 Nov 2000 |         28
 Dec 2000 |         25
          | 
    Total |        126
----------+-----------

----------+-----------
    Month |    sum(mx)
----------+-----------
 Jan 2001 |         13
 Feb 2001 |         15
 Mar 2001 |         26
 Apr 2001 |         30
          | 
    Total |         84
----------+-----------

        ***************************************************
              ASCII Plot of mx, Year Jan 2000 - Apr 26 2001:
          NOTE: the vertical axis is defacements per month
        ***************************************************


      30 +  
         |                             *
         |                    *
         |                      *     *
    m    |  
    x    |                  *
         |                          *
         |                *       *
         |          *
         |  *         * *
       2 + *  * * *
          +-----------------------------+
          Jan 00    Month         Apr 01


Last updated:  26 Apr 2001 12:10:01 GMT
(c) Copyright 2000, 2001 Matt Dickerson and Brian Martin
Excerpts from this page may be reproduced if Attrition.org and the URL
http://www.attrition.org/mirror/attrition/tldlogs/mx.log are attributed.
