
        *****************************************************
          Total Defacements by month for my, 1999 - 2001:
          The breakout for this TLD can be browsed at:
          http://www.attrition.org/mirror/attrition/my.html
        *****************************************************


----------+-----------
    Month |    sum(my)
----------+-----------
 Jan 1999 |          0
 Feb 1999 |          1
 Mar 1999 |          0
 Apr 1999 |          1
 May 1999 |          3
 Jun 1999 |          1
 Jul 1999 |          2
 Aug 1999 |          7
 Sep 1999 |          1
 Oct 1999 |          0
 Nov 1999 |          9
 Dec 1999 |          0
          | 
    Total |         25
----------+-----------

----------+-----------
    Month |    sum(my)
----------+-----------
 Jan 2000 |          1
 Feb 2000 |          1
 Mar 2000 |          7
 Apr 2000 |          2
 May 2000 |          2
 Jun 2000 |          1
 Jul 2000 |          1
 Aug 2000 |          6
 Sep 2000 |          1
 Oct 2000 |          3
 Nov 2000 |          0
 Dec 2000 |          8
          | 
    Total |         33
----------+-----------

----------+-----------
    Month |    sum(my)
----------+-----------
 Jan 2001 |          1
 Feb 2001 |          6
 Mar 2001 |         20
 Apr 2001 |         18
          | 
    Total |         45
----------+-----------

        ***************************************************
              ASCII Plot of my, Year Jan 2000 - Apr 26 2001:
          NOTE: the vertical axis is defacements per month
        ***************************************************


      20 +  
         |                            *
         |                             *
         |  
    m    |  
    y    |  
         |  
         |    *                 *
         |              *           *
         |                  *
       0 + **   * * * *   *   *   *
          +-----------------------------+
          Jan 00    Month         Apr 01


Last updated:  26 Apr 2001 12:10:01 GMT
(c) Copyright 2000, 2001 Matt Dickerson and Brian Martin
Excerpts from this page may be reproduced if Attrition.org and the URL
http://www.attrition.org/mirror/attrition/tldlogs/my.log are attributed.
