
        *****************************************************
          Total Defacements by month for net, 1999 - 2001:
          The breakout for this TLD can be browsed at:
          http://www.attrition.org/mirror/attrition/net.html
        *****************************************************


----------+-----------
    Month |   sum(net)
----------+-----------
 Jan 1999 |          5
 Feb 1999 |          3
 Mar 1999 |          3
 Apr 1999 |         19
 May 1999 |         25
 Jun 1999 |         12
 Jul 1999 |         21
 Aug 1999 |         27
 Sep 1999 |         17
 Oct 1999 |         27
 Nov 1999 |         44
 Dec 1999 |         24
          | 
    Total |        227
----------+-----------

----------+-----------
    Month |   sum(net)
----------+-----------
 Jan 2000 |         18
 Feb 2000 |         14
 Mar 2000 |         18
 Apr 2000 |         22
 May 2000 |         17
 Jun 2000 |         19
 Jul 2000 |         24
 Aug 2000 |         36
 Sep 2000 |         34
 Oct 2000 |         32
 Nov 2000 |         20
 Dec 2000 |         30
          | 
    Total |        284
----------+-----------

----------+-----------
    Month |   sum(net)
----------+-----------
 Jan 2001 |         41
 Feb 2001 |         39
 Mar 2001 |         52
 Apr 2001 |         36
          | 
    Total |        168
----------+-----------

        ***************************************************
              ASCII Plot of net, Year Jan 2000 - Apr 26 2001:
          NOTE: the vertical axis is defacements per month
        ***************************************************


      52 +  
         |  
         |                            *
         |  
    n    |                        *
    e    |              *           *  *
    t    |                * *
         |                      *
         |            *
         |      *   *         *
      14 + ** *   *
          +-----------------------------+
          Jan 00    Month         Apr 01


Last updated:  26 Apr 2001 12:10:01 GMT
(c) Copyright 2000, 2001 Matt Dickerson and Brian Martin
Excerpts from this page may be reproduced if Attrition.org and the URL
http://www.attrition.org/mirror/attrition/tldlogs/net.log are attributed.
