
        *****************************************************
          Total Defacements by month for nl, 1999 - 2001:
          The breakout for this TLD can be browsed at:
          http://www.attrition.org/mirror/attrition/nl.html
        *****************************************************


----------+-----------
    Month |    sum(nl)
----------+-----------
 Jan 1999 |          0
 Feb 1999 |          0
 Mar 1999 |          0
 Apr 1999 |          1
 May 1999 |          2
 Jun 1999 |          1
 Jul 1999 |          0
 Aug 1999 |          1
 Sep 1999 |          0
 Oct 1999 |          8
 Nov 1999 |          7
 Dec 1999 |          0
          | 
    Total |         20
----------+-----------

----------+-----------
    Month |    sum(nl)
----------+-----------
 Jan 2000 |          2
 Feb 2000 |          3
 Mar 2000 |          3
 Apr 2000 |          1
 May 2000 |          1
 Jun 2000 |          2
 Jul 2000 |          0
 Aug 2000 |          5
 Sep 2000 |          2
 Oct 2000 |          2
 Nov 2000 |          5
 Dec 2000 |          5
          | 
    Total |         31
----------+-----------

----------+-----------
    Month |    sum(nl)
----------+-----------
 Jan 2001 |          0
 Feb 2001 |          5
 Mar 2001 |          4
 Apr 2001 |          3
          | 
    Total |         12
----------+-----------

        ***************************************************
              ASCII Plot of nl, Year Jan 2000 - Apr 26 2001:
          NOTE: the vertical axis is defacements per month
        ***************************************************


       5 +  
         |              *     * *   *
         |  
         |                            *
    n    |  
    l    |  * *                        *
         |  
         | *        *     * *
         |  
         |      * *
       0 +            *           *
          +-----------------------------+
          Jan 00    Month         Apr 01


Last updated:  26 Apr 2001 12:10:01 GMT
(c) Copyright 2000, 2001 Matt Dickerson and Brian Martin
Excerpts from this page may be reproduced if Attrition.org and the URL
http://www.attrition.org/mirror/attrition/tldlogs/nl.log are attributed.
