
        *****************************************************
          Total Defacements by month for no, 1999 - 2001:
          The breakout for this TLD can be browsed at:
          http://www.attrition.org/mirror/attrition/no.html
        *****************************************************


----------+-----------
    Month |    sum(no)
----------+-----------
 Jan 1999 |          0
 Feb 1999 |          0
 Mar 1999 |          1
 Apr 1999 |          0
 May 1999 |          0
 Jun 1999 |          1
 Jul 1999 |          0
 Aug 1999 |          0
 Sep 1999 |          0
 Oct 1999 |          1
 Nov 1999 |          1
 Dec 1999 |          0
          | 
    Total |          4
----------+-----------

----------+-----------
    Month |    sum(no)
----------+-----------
 Jan 2000 |          0
 Feb 2000 |          0
 Mar 2000 |          1
 Apr 2000 |          0
 May 2000 |          0
 Jun 2000 |          0
 Jul 2000 |          0
 Aug 2000 |          1
 Sep 2000 |          0
 Oct 2000 |          2
 Nov 2000 |          2
 Dec 2000 |          0
          | 
    Total |          6
----------+-----------

----------+-----------
    Month |    sum(no)
----------+-----------
 Jan 2001 |          0
 Feb 2001 |          2
 Mar 2001 |          2
 Apr 2001 |          0
          | 
    Total |          4
----------+-----------

        ***************************************************
              ASCII Plot of no, Year Jan 2000 - Apr 26 2001:
          NOTE: the vertical axis is defacements per month
        ***************************************************


       2 +  
         |                  * *     * *
         |  
         |  
    n    |  
    o    |  
         |    *         *
         |  
         |  
         |  
       0 + **   * * * *   *     * *    *
          +-----------------------------+
          Jan 00    Month         Apr 01


Last updated:  26 Apr 2001 12:10:02 GMT
(c) Copyright 2000, 2001 Matt Dickerson and Brian Martin
Excerpts from this page may be reproduced if Attrition.org and the URL
http://www.attrition.org/mirror/attrition/tldlogs/no.log are attributed.
