
        *****************************************************
          Total Defacements by month for nu, 1999 - 2001:
          The breakout for this TLD can be browsed at:
          http://www.attrition.org/mirror/attrition/nu.html
        *****************************************************


----------+-----------
    Month |    sum(nu)
----------+-----------
 Jan 1999 |          0
 Feb 1999 |          0
 Mar 1999 |          0
 Apr 1999 |          0
 May 1999 |          1
 Jun 1999 |          0
 Jul 1999 |          1
 Aug 1999 |          2
 Sep 1999 |          0
 Oct 1999 |          4
 Nov 1999 |          1
 Dec 1999 |          0
          | 
    Total |          9
----------+-----------

----------+-----------
    Month |    sum(nu)
----------+-----------
 Jan 2000 |          1
 Feb 2000 |          0
 Mar 2000 |          0
 Apr 2000 |          0
 May 2000 |          1
 Jun 2000 |          1
 Jul 2000 |          0
 Aug 2000 |          0
 Sep 2000 |          1
 Oct 2000 |          0
 Nov 2000 |          2
 Dec 2000 |          1
          | 
    Total |          7
----------+-----------

----------+-----------
    Month |    sum(nu)
----------+-----------
 Jan 2001 |          2
 Feb 2001 |          0
 Mar 2001 |          0
 Apr 2001 |          0
          | 
    Total |          2
----------+-----------

        ***************************************************
              ASCII Plot of nu, Year Jan 2000 - Apr 26 2001:
          NOTE: the vertical axis is defacements per month
        ***************************************************


       2 +  
    N    |                    *   *
    i    |  
    u    |  
    e    |  
         |  
    (    | *      * *     *     *
    n    |  
    u    |  
    )    |  
       0 +  * * *     * *   *       * **
          +-----------------------------+
          Jan 00    Month         Apr 01


Last updated:  26 Apr 2001 12:10:02 GMT
(c) Copyright 2000, 2001 Matt Dickerson and Brian Martin
Excerpts from this page may be reproduced if Attrition.org and the URL
http://www.attrition.org/mirror/attrition/tldlogs/nu.log are attributed.
