
        *****************************************************
          Total Defacements by month for org, 1999 - 2001:
          The breakout for this TLD can be browsed at:
          http://www.attrition.org/mirror/attrition/org.html
        *****************************************************


----------+-----------
    Month |   sum(org)
----------+-----------
 Jan 1999 |          5
 Feb 1999 |          1
 Mar 1999 |          9
 Apr 1999 |         13
 May 1999 |         25
 Jun 1999 |         20
 Jul 1999 |         26
 Aug 1999 |         20
 Sep 1999 |         24
 Oct 1999 |         21
 Nov 1999 |         39
 Dec 1999 |         45
          | 
    Total |        248
----------+-----------

----------+-----------
    Month |   sum(org)
----------+-----------
 Jan 2000 |         34
 Feb 2000 |         35
 Mar 2000 |         43
 Apr 2000 |         30
 May 2000 |         26
 Jun 2000 |         28
 Jul 2000 |         32
 Aug 2000 |         26
 Sep 2000 |         34
 Oct 2000 |         32
 Nov 2000 |         26
 Dec 2000 |         30
          | 
    Total |        376
----------+-----------

----------+-----------
    Month |   sum(org)
----------+-----------
 Jan 2001 |         41
 Feb 2001 |         44
 Mar 2001 |         30
 Apr 2001 |         26
          | 
    Total |        141
----------+-----------

        ***************************************************
              ASCII Plot of org, Year Jan 2000 - Apr 26 2001:
          NOTE: the vertical axis is defacements per month
        ***************************************************


      44 +  
         |                          *
         |    *
         |                        *
    o    |  
    r    |  
    g    | **             *
         |            *     *
         |      *               *     *
         |          *
      26 +        *     *     *        *
          +-----------------------------+
          Jan 00    Month         Apr 01


Last updated:  26 Apr 2001 12:10:02 GMT
(c) Copyright 2000, 2001 Matt Dickerson and Brian Martin
Excerpts from this page may be reproduced if Attrition.org and the URL
http://www.attrition.org/mirror/attrition/tldlogs/org.log are attributed.
