
        *****************************************************
          Total Defacements by month for pe, 1999 - 2001:
          The breakout for this TLD can be browsed at:
          http://www.attrition.org/mirror/attrition/pe.html
        *****************************************************


----------+-----------
    Month |    sum(pe)
----------+-----------
 Jan 1999 |          1
 Feb 1999 |          0
 Mar 1999 |          1
 Apr 1999 |          1
 May 1999 |          0
 Jun 1999 |          0
 Jul 1999 |          0
 Aug 1999 |          0
 Sep 1999 |          0
 Oct 1999 |          0
 Nov 1999 |          1
 Dec 1999 |          2
          | 
    Total |          6
----------+-----------

----------+-----------
    Month |    sum(pe)
----------+-----------
 Jan 2000 |          4
 Feb 2000 |          0
 Mar 2000 |          0
 Apr 2000 |          1
 May 2000 |          0
 Jun 2000 |          4
 Jul 2000 |          1
 Aug 2000 |          2
 Sep 2000 |          2
 Oct 2000 |          3
 Nov 2000 |          0
 Dec 2000 |          3
          | 
    Total |         20
----------+-----------

----------+-----------
    Month |    sum(pe)
----------+-----------
 Jan 2001 |          9
 Feb 2001 |          2
 Mar 2001 |          2
 Apr 2001 |         11
          | 
    Total |         24
----------+-----------

        ***************************************************
              ASCII Plot of pe, Year Jan 2000 - Apr 26 2001:
          NOTE: the vertical axis is defacements per month
        ***************************************************


      11 +  
    P    |                             *
    e    |  
    r    |                        *
    u    |  
         |  
    (    |  
    p    | *        *
    e    |                  *   *
    )    |              * *         * *
       0 +  * * * *   *       *
          +-----------------------------+
          Jan 00    Month         Apr 01


Last updated:  26 Apr 2001 12:10:02 GMT
(c) Copyright 2000, 2001 Matt Dickerson and Brian Martin
Excerpts from this page may be reproduced if Attrition.org and the URL
http://www.attrition.org/mirror/attrition/tldlogs/pe.log are attributed.
