
        *****************************************************
          Total Defacements by month for pk, 1999 - 2001:
          The breakout for this TLD can be browsed at:
          http://www.attrition.org/mirror/attrition/pk.html
        *****************************************************


----------+-----------
    Month |    sum(pk)
----------+-----------
 Jan 1999 |          0
 Feb 1999 |          0
 Mar 1999 |          0
 Apr 1999 |          0
 May 1999 |          2
 Jun 1999 |          0
 Jul 1999 |          2
 Aug 1999 |          0
 Sep 1999 |          0
 Oct 1999 |          2
 Nov 1999 |          1
 Dec 1999 |          0
          | 
    Total |          7
----------+-----------

----------+-----------
    Month |    sum(pk)
----------+-----------
 Jan 2000 |          0
 Feb 2000 |          0
 Mar 2000 |          2
 Apr 2000 |          5
 May 2000 |          1
 Jun 2000 |          0
 Jul 2000 |          1
 Aug 2000 |          1
 Sep 2000 |          0
 Oct 2000 |          0
 Nov 2000 |          4
 Dec 2000 |          4
          | 
    Total |         18
----------+-----------

----------+-----------
    Month |    sum(pk)
----------+-----------
 Jan 2001 |          2
 Feb 2001 |          2
 Mar 2001 |          5
 Apr 2001 |          2
          | 
    Total |         11
----------+-----------

        ***************************************************
              ASCII Plot of pk, Year Jan 2000 - Apr 26 2001:
          NOTE: the vertical axis is defacements per month
        ***************************************************


       5 +  
         |      *                     *
         |  
         |                    * *
    p    |  
    k    |  
         |  
         |    *                   * *  *
         |  
         |        *   * *
       0 + **       *     * *
          +-----------------------------+
          Jan 00    Month         Apr 01


Last updated:  26 Apr 2001 12:10:02 GMT
(c) Copyright 2000, 2001 Matt Dickerson and Brian Martin
Excerpts from this page may be reproduced if Attrition.org and the URL
http://www.attrition.org/mirror/attrition/tldlogs/pk.log are attributed.
