
        *****************************************************
          Total Defacements by month for ru, 1999 - 2001:
          The breakout for this TLD can be browsed at:
          http://www.attrition.org/mirror/attrition/ru.html
        *****************************************************


----------+-----------
    Month |    sum(ru)
----------+-----------
 Jan 1999 |          1
 Feb 1999 |          1
 Mar 1999 |          4
 Apr 1999 |          9
 May 1999 |          4
 Jun 1999 |          3
 Jul 1999 |          0
 Aug 1999 |          1
 Sep 1999 |          1
 Oct 1999 |          1
 Nov 1999 |          6
 Dec 1999 |          3
          | 
    Total |         34
----------+-----------

----------+-----------
    Month |    sum(ru)
----------+-----------
 Jan 2000 |          3
 Feb 2000 |          0
 Mar 2000 |          6
 Apr 2000 |          3
 May 2000 |          5
 Jun 2000 |          2
 Jul 2000 |          1
 Aug 2000 |          3
 Sep 2000 |          3
 Oct 2000 |          2
 Nov 2000 |          2
 Dec 2000 |          3
          | 
    Total |         33
----------+-----------

----------+-----------
    Month |    sum(ru)
----------+-----------
 Jan 2001 |          2
 Feb 2001 |          4
 Mar 2001 |          7
 Apr 2001 |          4
          | 
    Total |         17
----------+-----------

        ***************************************************
              ASCII Plot of ru, Year Jan 2000 - Apr 26 2001:
          NOTE: the vertical axis is defacements per month
        ***************************************************


       7 +  
         |                            *
         |  
         |    *
    r    |        *
    u    |                          *  *
         |  
         | *    *       * *     *
         |          *       * *   *
         |            *
       0 +  *
          +-----------------------------+
          Jan 00    Month         Apr 01


Last updated:  26 Apr 2001 12:10:03 GMT
(c) Copyright 2000, 2001 Matt Dickerson and Brian Martin
Excerpts from this page may be reproduced if Attrition.org and the URL
http://www.attrition.org/mirror/attrition/tldlogs/ru.log are attributed.
