
        *****************************************************
          Total Defacements by month for tr, 1999 - 2001:
          The breakout for this TLD can be browsed at:
          http://www.attrition.org/mirror/attrition/tr.html
        *****************************************************


----------+-----------
    Month |    sum(tr)
----------+-----------
 Jan 1999 |          0
 Feb 1999 |          0
 Mar 1999 |          0
 Apr 1999 |          0
 May 1999 |          2
 Jun 1999 |          0
 Jul 1999 |          0
 Aug 1999 |          0
 Sep 1999 |          1
 Oct 1999 |          0
 Nov 1999 |          4
 Dec 1999 |          0
          | 
    Total |          7
----------+-----------

----------+-----------
    Month |    sum(tr)
----------+-----------
 Jan 2000 |          1
 Feb 2000 |          0
 Mar 2000 |          0
 Apr 2000 |          2
 May 2000 |          2
 Jun 2000 |          1
 Jul 2000 |          0
 Aug 2000 |          3
 Sep 2000 |          0
 Oct 2000 |          6
 Nov 2000 |          0
 Dec 2000 |          0
          | 
    Total |         15
----------+-----------

----------+-----------
    Month |    sum(tr)
----------+-----------
 Jan 2001 |          4
 Feb 2001 |         10
 Mar 2001 |          4
 Apr 2001 |          6
          | 
    Total |         24
----------+-----------

        ***************************************************
              ASCII Plot of tr, Year Jan 2000 - Apr 26 2001:
          NOTE: the vertical axis is defacements per month
        ***************************************************


      10 +  
         |                          *
         |  
         |  
    t    |  
    r    |                  *          *
         |  
         |                        *   *
         |              *
         |      * *
       0 + ** *     * *   *   * *
          +-----------------------------+
          Jan 00    Month         Apr 01


Last updated:  26 Apr 2001 12:10:04 GMT
(c) Copyright 2000, 2001 Matt Dickerson and Brian Martin
Excerpts from this page may be reproduced if Attrition.org and the URL
http://www.attrition.org/mirror/attrition/tldlogs/tr.log are attributed.
