
        *****************************************************
          Total Defacements by month for tw, 1999 - 2001:
          The breakout for this TLD can be browsed at:
          http://www.attrition.org/mirror/attrition/tw.html
        *****************************************************


----------+-----------
    Month |    sum(tw)
----------+-----------
 Jan 1999 |          0
 Feb 1999 |          0
 Mar 1999 |          0
 Apr 1999 |          1
 May 1999 |          2
 Jun 1999 |          1
 Jul 1999 |          0
 Aug 1999 |          3
 Sep 1999 |         13
 Oct 1999 |          3
 Nov 1999 |          5
 Dec 1999 |          0
          | 
    Total |         28
----------+-----------

----------+-----------
    Month |    sum(tw)
----------+-----------
 Jan 2000 |          4
 Feb 2000 |          4
 Mar 2000 |         10
 Apr 2000 |          1
 May 2000 |          1
 Jun 2000 |          8
 Jul 2000 |          3
 Aug 2000 |          4
 Sep 2000 |          3
 Oct 2000 |         16
 Nov 2000 |         12
 Dec 2000 |          7
          | 
    Total |         73
----------+-----------

----------+-----------
    Month |    sum(tw)
----------+-----------
 Jan 2001 |          9
 Feb 2001 |         15
 Mar 2001 |         36
 Apr 2001 |         56
          | 
    Total |        116
----------+-----------

        ***************************************************
              ASCII Plot of tw, Year Jan 2000 - Apr 26 2001:
          NOTE: the vertical axis is defacements per month
        ***************************************************


      56 +  
         |  
         |                             *
         |  
    t    |  
    w    |                            *
         |  
         |  
         |                  *       *
         |    *     *         *   *
       1 + **   * *   * * *     *
          +-----------------------------+
          Jan 00    Month         Apr 01


Last updated:  26 Apr 2001 12:10:04 GMT
(c) Copyright 2000, 2001 Matt Dickerson and Brian Martin
Excerpts from this page may be reproduced if Attrition.org and the URL
http://www.attrition.org/mirror/attrition/tldlogs/tw.log are attributed.
