
        *****************************************************
          Total Defacements by month for uk, 1999 - 2001:
          The breakout for this TLD can be browsed at:
          http://www.attrition.org/mirror/attrition/uk.html
        *****************************************************


----------+-----------
    Month |    sum(uk)
----------+-----------
 Jan 1999 |          1
 Feb 1999 |          1
 Mar 1999 |          1
 Apr 1999 |          7
 May 1999 |          3
 Jun 1999 |          3
 Jul 1999 |         10
 Aug 1999 |          7
 Sep 1999 |         12
 Oct 1999 |         13
 Nov 1999 |         10
 Dec 1999 |         15
          | 
    Total |         83
----------+-----------

----------+-----------
    Month |    sum(uk)
----------+-----------
 Jan 2000 |         10
 Feb 2000 |          4
 Mar 2000 |         24
 Apr 2000 |         12
 May 2000 |          7
 Jun 2000 |          7
 Jul 2000 |          5
 Aug 2000 |         20
 Sep 2000 |         18
 Oct 2000 |         13
 Nov 2000 |         10
 Dec 2000 |         13
          | 
    Total |        143
----------+-----------

----------+-----------
    Month |    sum(uk)
----------+-----------
 Jan 2001 |         13
 Feb 2001 |         23
 Mar 2001 |         14
 Apr 2001 |          8
          | 
    Total |         58
----------+-----------

        ***************************************************
              ASCII Plot of uk, Year Jan 2000 - Apr 26 2001:
          NOTE: the vertical axis is defacements per month
        ***************************************************


      24 +  
         |    *
         |                          *
         |              *
    u    |                *
    k    |  
         |                  *   * *   *
         |      *
         | *                  *
         |        * *                  *
       4 +  *         *
          +-----------------------------+
          Jan 00    Month         Apr 01


Last updated:  26 Apr 2001 12:10:05 GMT
(c) Copyright 2000, 2001 Matt Dickerson and Brian Martin
Excerpts from this page may be reproduced if Attrition.org and the URL
http://www.attrition.org/mirror/attrition/tldlogs/uk.log are attributed.
