
        *****************************************************
          Total Defacements by month for us, 1999 - 2001:
          The breakout for this TLD can be browsed at:
          http://www.attrition.org/mirror/attrition/us.html
        *****************************************************


----------+-----------
    Month |    sum(us)
----------+-----------
 Jan 1999 |          1
 Feb 1999 |          1
 Mar 1999 |          0
 Apr 1999 |          8
 May 1999 |          8
 Jun 1999 |          3
 Jul 1999 |          6
 Aug 1999 |         12
 Sep 1999 |          5
 Oct 1999 |          3
 Nov 1999 |         49
 Dec 1999 |         13
          | 
    Total |        109
----------+-----------

----------+-----------
    Month |    sum(us)
----------+-----------
 Jan 2000 |          7
 Feb 2000 |         17
 Mar 2000 |         24
 Apr 2000 |         25
 May 2000 |         29
 Jun 2000 |         23
 Jul 2000 |         17
 Aug 2000 |         17
 Sep 2000 |          7
 Oct 2000 |         14
 Nov 2000 |         15
 Dec 2000 |         27
          | 
    Total |        222
----------+-----------

----------+-----------
    Month |    sum(us)
----------+-----------
 Jan 2001 |         21
 Feb 2001 |         18
 Mar 2001 |         11
 Apr 2001 |         14
          | 
    Total |         64
----------+-----------

        ***************************************************
              ASCII Plot of us, Year Jan 2000 - Apr 26 2001:
          NOTE: the vertical axis is defacements per month
        ***************************************************


      29 +  
         |        *
         |                      *
         |      *
    u    |    *     *
    s    |                        *
         |  *         * *           *
         |                    *
         |                  *          *
         |                            *
       7 + *              *
          +-----------------------------+
          Jan 00    Month         Apr 01


Last updated:  26 Apr 2001 12:10:05 GMT
(c) Copyright 2000, 2001 Matt Dickerson and Brian Martin
Excerpts from this page may be reproduced if Attrition.org and the URL
http://www.attrition.org/mirror/attrition/tldlogs/us.log are attributed.
