
        *****************************************************
          Total Defacements by month for za, 1999 - 2001:
          The breakout for this TLD can be browsed at:
          http://www.attrition.org/mirror/attrition/za.html
        *****************************************************


----------+-----------
    Month |    sum(za)
----------+-----------
 Jan 1999 |          0
 Feb 1999 |          0
 Mar 1999 |          0
 Apr 1999 |          2
 May 1999 |          0
 Jun 1999 |          2
 Jul 1999 |          2
 Aug 1999 |          0
 Sep 1999 |          3
 Oct 1999 |          0
 Nov 1999 |          4
 Dec 1999 |          2
          | 
    Total |         15
----------+-----------

----------+-----------
    Month |    sum(za)
----------+-----------
 Jan 2000 |         10
 Feb 2000 |         14
 Mar 2000 |          1
 Apr 2000 |          2
 May 2000 |          5
 Jun 2000 |          4
 Jul 2000 |          1
 Aug 2000 |          2
 Sep 2000 |          2
 Oct 2000 |         13
 Nov 2000 |          3
 Dec 2000 |         22
          | 
    Total |         79
----------+-----------

----------+-----------
    Month |    sum(za)
----------+-----------
 Jan 2001 |         21
 Feb 2001 |          4
 Mar 2001 |          9
 Apr 2001 |          5
          | 
    Total |         39
----------+-----------

        ***************************************************
              ASCII Plot of za, Year Jan 2000 - Apr 26 2001:
          NOTE: the vertical axis is defacements per month
        ***************************************************


      22 +  
         |  
         |                      * *
         |  
    z    |  
    a    |  *               *
         |  
         | *                          *
         |  
         |        * *               *  *
       1 +    * *     * * *   *
          +-----------------------------+
          Jan 00    Month         Apr 01


Last updated:  26 Apr 2001 12:10:05 GMT
(c) Copyright 2000, 2001 Matt Dickerson and Brian Martin
Excerpts from this page may be reproduced if Attrition.org and the URL
http://www.attrition.org/mirror/attrition/tldlogs/za.log are attributed.
