99.09.23 16:42 B f:\WWW\afi\ole_miss\89SECChamp.JPG --> webfs.deltacom.net /afi/ole_miss 89SECChamp.JPG
99.09.23 16:42 B f:\WWW\afi\ole_miss\Anderson1.jpg --> webfs.deltacom.net /afi/ole_miss Anderson1.jpg
99.09.23 16:42 B f:\WWW\afi\ole_miss\Anderson2.jpg --> webfs.deltacom.net /afi/ole_miss Anderson2.jpg
99.09.23 16:42 B f:\WWW\afi\ole_miss\behind_the_scenes.html --> webfs.deltacom.net /afi/ole_miss behind_the_scenes.html
99.09.23 16:42 B f:\WWW\afi\ole_miss\Cooper1.JPG --> webfs.deltacom.net /afi/ole_miss Cooper1.JPG
99.09.23 16:42 B f:\WWW\afi\ole_miss\Cooper2.JPG --> webfs.deltacom.net /afi/ole_miss Cooper2.JPG
99.09.23 16:42 B f:\WWW\afi\ole_miss\coopr1.txt --> webfs.deltacom.net /afi/ole_miss coopr1.txt
99.09.23 16:42 B f:\WWW\afi\ole_miss\coopr2.txt --> webfs.deltacom.net /afi/ole_miss coopr2.txt
99.09.23 16:42 B f:\WWW\afi\ole_miss\cover_story.html --> webfs.deltacom.net /afi/ole_miss cover_story.html
99.09.23 16:42 B f:\WWW\afi\ole_miss\crossword.html --> webfs.deltacom.net /afi/ole_miss crossword.html
99.09.23 16:42 B f:\WWW\afi\ole_miss\crswrdhd.JPG --> webfs.deltacom.net /afi/ole_miss crswrdhd.JPG
99.09.23 16:43 B f:\WWW\afi\ole_miss\CW.JPG --> webfs.deltacom.net /afi/ole_miss CW.JPG
99.09.23 16:43 B f:\WWW\afi\ole_miss\CW_ans.txt --> webfs.deltacom.net /afi/ole_miss CW_ans.txt
99.09.23 16:43 B f:\WWW\afi\ole_miss\CW_clu.txt --> webfs.deltacom.net /afi/ole_miss CW_clu.txt
99.09.23 16:43 B f:\WWW\afi\ole_miss\erika.txt --> webfs.deltacom.net /afi/ole_miss erika.txt
99.09.23 16:43 B f:\WWW\afi\ole_miss\feature.html --> webfs.deltacom.net /afi/ole_miss feature.html
99.09.23 16:43 B f:\WWW\afi\ole_miss\feature2.html --> webfs.deltacom.net /afi/ole_miss feature2.html
99.09.23 16:43 B f:\WWW\afi\ole_miss\flashb1.txt --> webfs.deltacom.net /afi/ole_miss flashb1.txt
99.09.23 16:43 B f:\WWW\afi\ole_miss\flashback.html --> webfs.deltacom.net /afi/ole_miss flashback.html
99.09.23 16:43 B f:\WWW\afi\ole_miss\housel.html --> webfs.deltacom.net /afi/ole_miss housel.html
99.09.23 16:43 B f:\WWW\afi\ole_miss\housel.txt --> webfs.deltacom.net /afi/ole_miss housel.txt
99.09.23 16:43 B f:\WWW\afi\ole_miss\housldsk.jpg --> webfs.deltacom.net /afi/ole_miss housldsk.jpg
99.09.23 16:43 B f:\WWW\afi\ole_miss\JH_1.txt --> webfs.deltacom.net /afi/ole_miss JH_1.txt
99.09.23 16:43 B f:\WWW\afi\ole_miss\JH_2.txt --> webfs.deltacom.net /afi/ole_miss JH_2.txt
99.09.23 16:43 B f:\WWW\afi\ole_miss\JH_3.txt --> webfs.deltacom.net /afi/ole_miss JH_3.txt
99.09.23 16:43 B f:\WWW\afi\ole_miss\Knox.jpg --> webfs.deltacom.net /afi/ole_miss Knox.jpg
99.09.23 16:43 B f:\WWW\afi\ole_miss\knox1.txt --> webfs.deltacom.net /afi/ole_miss knox1.txt
99.09.23 16:43 B f:\WWW\afi\ole_miss\knox2.txt --> webfs.deltacom.net /afi/ole_miss knox2.txt
99.09.23 16:43 B f:\WWW\afi\ole_miss\main.html --> webfs.deltacom.net /afi/ole_miss main.html
99.09.23 16:43 B f:\WWW\afi\ole_miss\ole_miss_cover.JPG --> webfs.deltacom.net /afi/ole_miss ole_miss_cover.JPG
99.09.23 16:43 B f:\WWW\afi\ole_miss\qa.html --> webfs.deltacom.net /afi/ole_miss qa.html
99.09.23 16:43 B f:\WWW\afi\ole_miss\QA1.txt --> webfs.deltacom.net /afi/ole_miss QA1.txt
99.09.23 16:43 B f:\WWW\afi\ole_miss\QA2.txt --> webfs.deltacom.net /afi/ole_miss QA2.txt
99.09.23 16:43 B f:\WWW\afi\ole_miss\SA_day.txt --> webfs.deltacom.net /afi/ole_miss SA_day.txt
99.09.23 16:43 B f:\WWW\afi\ole_miss\Schansb1.JPG --> webfs.deltacom.net /afi/ole_miss Schansb1.JPG
99.09.23 16:43 B f:\WWW\afi\ole_miss\Schansb2.JPG --> webfs.deltacom.net /afi/ole_miss Schansb2.JPG
99.09.23 16:43 B f:\WWW\afi\ole_miss\senior_profile.html --> webfs.deltacom.net /afi/ole_miss senior_profile.html
99.09.23 16:43 B f:\WWW\afi\ole_miss\solution.html --> webfs.deltacom.net /afi/ole_miss solution.html
99.09.23 16:43 B f:\WWW\afi\ole_miss\StudAthDay.jpg --> webfs.deltacom.net /afi/ole_miss StudAthDay.jpg
99.09.23 16:43 B f:\WWW\afi\ole_miss\todayjh1.jpg --> webfs.deltacom.net /afi/ole_miss todayjh1.jpg
99.09.23 16:43 B f:\WWW\afi\ole_miss\todayjh2.jpg --> webfs.deltacom.net /afi/ole_miss todayjh2.jpg
99.09.23 16:43 B f:\WWW\afi\ole_miss\todays_game.html --> webfs.deltacom.net /afi/ole_miss todays_game.html
99.09.23 16:43 B f:\WWW\afi\ole_miss\wash1.txt --> webfs.deltacom.net /afi/ole_miss wash1.txt
99.09.23 16:43 B f:\WWW\afi\ole_miss\wash2.txt --> webfs.deltacom.net /afi/ole_miss wash2.txt
99.09.23 16:43 B f:\WWW\afi\ole_miss\Washing1.JPG --> webfs.deltacom.net /afi/ole_miss Washing1.JPG
99.09.23 16:43 B f:\WWW\afi\ole_miss\Washing2.JPG --> webfs.deltacom.net /afi/ole_miss Washing2.JPG
99.09.23 16:45 B f:\WWW\afi\ole_miss\main.html --> webfs.deltacom.net /afi/ole_miss main.html
99.09.23 16:46 B f:\WWW\afi\ole_miss\main.html --> webfs.deltacom.net /afi/ole_miss main.html
99.09.23 16:46 B f:\WWW\afi\ole_miss\main.html --> webfs.deltacom.net /afi/ole_miss main.html
99.09.23 16:49 B f:\WWW\afi\ole_miss\todays_game.html --> webfs.deltacom.net /afi/ole_miss todays_game.html
99.09.23 16:50 B f:\WWW\afi\ole_miss\todays_game.html --> webfs.deltacom.net /afi/ole_miss todays_game.html
99.09.23 16:54 B f:\WWW\afi\ole_miss\89SECChamp.jpg --> webfs.deltacom.net /afi/ole_miss 89SECChamp.jpg
99.09.23 16:54 B f:\WWW\afi\ole_miss\Anderson1.jpg --> webfs.deltacom.net /afi/ole_miss Anderson1.jpg
99.09.23 16:55 B f:\WWW\afi\ole_miss\Anderson2.jpg --> webfs.deltacom.net /afi/ole_miss Anderson2.jpg
99.09.23 16:55 B f:\WWW\afi\ole_miss\behind_the_scenes.html --> webfs.deltacom.net /afi/ole_miss behind_the_scenes.html
99.09.23 16:55 B f:\WWW\afi\ole_miss\Cooper1.jpg --> webfs.deltacom.net /afi/ole_miss Cooper1.jpg
99.09.23 16:55 B f:\WWW\afi\ole_miss\Cooper2.jpg --> webfs.deltacom.net /afi/ole_miss Cooper2.jpg
99.09.23 16:55 B f:\WWW\afi\ole_miss\coopr1.txt --> webfs.deltacom.net /afi/ole_miss coopr1.txt
99.09.23 16:55 B f:\WWW\afi\ole_miss\coopr2.txt --> webfs.deltacom.net /afi/ole_miss coopr2.txt
99.09.23 16:55 B f:\WWW\afi\ole_miss\cover_story.html --> webfs.deltacom.net /afi/ole_miss cover_story.html
99.09.23 16:55 B f:\WWW\afi\ole_miss\crossword.html --> webfs.deltacom.net /afi/ole_miss crossword.html
99.09.23 16:55 B f:\WWW\afi\ole_miss\crswrdhd.jpg --> webfs.deltacom.net /afi/ole_miss crswrdhd.jpg
99.09.23 16:55 B f:\WWW\afi\ole_miss\CW.jpg --> webfs.deltacom.net /afi/ole_miss CW.jpg
99.09.23 16:55 B f:\WWW\afi\ole_miss\CW_ans.txt --> webfs.deltacom.net /afi/ole_miss CW_ans.txt
99.09.23 16:55 B f:\WWW\afi\ole_miss\CW_clu.txt --> webfs.deltacom.net /afi/ole_miss CW_clu.txt
99.09.23 16:55 B f:\WWW\afi\ole_miss\erika.txt --> webfs.deltacom.net /afi/ole_miss erika.txt
99.09.23 16:55 B f:\WWW\afi\ole_miss\feature.html --> webfs.deltacom.net /afi/ole_miss feature.html
99.09.23 16:55 B f:\WWW\afi\ole_miss\feature2.html --> webfs.deltacom.net /afi/ole_miss feature2.html
99.09.23 16:55 B f:\WWW\afi\ole_miss\flashb1.txt --> webfs.deltacom.net /afi/ole_miss flashb1.txt
99.09.23 16:55 B f:\WWW\afi\ole_miss\flashback.html --> webfs.deltacom.net /afi/ole_miss flashback.html
99.09.23 16:55 B f:\WWW\afi\ole_miss\housel.html --> webfs.deltacom.net /afi/ole_miss housel.html
99.09.23 16:55 B f:\WWW\afi\ole_miss\housel.txt --> webfs.deltacom.net /afi/ole_miss housel.txt
99.09.23 16:55 B f:\WWW\afi\ole_miss\housldsk.jpg --> webfs.deltacom.net /afi/ole_miss housldsk.jpg
99.09.23 16:55 B f:\WWW\afi\ole_miss\JH_1.txt --> webfs.deltacom.net /afi/ole_miss JH_1.txt
99.09.23 16:55 B f:\WWW\afi\ole_miss\JH_2.txt --> webfs.deltacom.net /afi/ole_miss JH_2.txt
99.09.23 16:55 B f:\WWW\afi\ole_miss\JH_3.txt --> webfs.deltacom.net /afi/ole_miss JH_3.txt
99.09.23 16:55 B f:\WWW\afi\ole_miss\Knox.jpg --> webfs.deltacom.net /afi/ole_miss Knox.jpg
99.09.23 16:55 B f:\WWW\afi\ole_miss\knox1.txt --> webfs.deltacom.net /afi/ole_miss knox1.txt
99.09.23 16:55 B f:\WWW\afi\ole_miss\knox2.txt --> webfs.deltacom.net /afi/ole_miss knox2.txt
99.09.23 16:55 B f:\WWW\afi\ole_miss\main.html --> webfs.deltacom.net /afi/ole_miss main.html
99.09.23 16:55 B f:\WWW\afi\ole_miss\ole_miss_cover.jpg --> webfs.deltacom.net /afi/ole_miss ole_miss_cover.jpg
99.09.23 16:55 B f:\WWW\afi\ole_miss\qa.html --> webfs.deltacom.net /afi/ole_miss qa.html
99.09.23 16:55 B f:\WWW\afi\ole_miss\QA1.txt --> webfs.deltacom.net /afi/ole_miss QA1.txt
99.09.23 16:55 B f:\WWW\afi\ole_miss\QA2.txt --> webfs.deltacom.net /afi/ole_miss QA2.txt
99.09.23 16:55 B f:\WWW\afi\ole_miss\SA_day.txt --> webfs.deltacom.net /afi/ole_miss SA_day.txt
99.09.23 16:55 B f:\WWW\afi\ole_miss\Schansb1.jpg --> webfs.deltacom.net /afi/ole_miss Schansb1.jpg
99.09.23 16:55 B f:\WWW\afi\ole_miss\Schansb2.jpg --> webfs.deltacom.net /afi/ole_miss Schansb2.jpg
99.09.23 16:55 B f:\WWW\afi\ole_miss\senior_profile.html --> webfs.deltacom.net /afi/ole_miss senior_profile.html
99.09.23 16:55 B f:\WWW\afi\ole_miss\solution.html --> webfs.deltacom.net /afi/ole_miss solution.html
99.09.23 16:55 B f:\WWW\afi\ole_miss\StudAthDay.jpg --> webfs.deltacom.net /afi/ole_miss StudAthDay.jpg
99.09.23 16:55 B f:\WWW\afi\ole_miss\todayjh1.jpg --> webfs.deltacom.net /afi/ole_miss todayjh1.jpg
99.09.23 16:55 B f:\WWW\afi\ole_miss\todayjh2.jpg --> webfs.deltacom.net /afi/ole_miss todayjh2.jpg
99.09.23 16:55 B f:\WWW\afi\ole_miss\todays_game.html --> webfs.deltacom.net /afi/ole_miss todays_game.html
99.09.23 16:55 B f:\WWW\afi\ole_miss\wash1.txt --> webfs.deltacom.net /afi/ole_miss wash1.txt
99.09.23 16:55 B f:\WWW\afi\ole_miss\wash2.txt --> webfs.deltacom.net /afi/ole_miss wash2.txt
99.09.23 16:55 B f:\WWW\afi\ole_miss\Washing1.jpg --> webfs.deltacom.net /afi/ole_miss Washing1.jpg
99.09.23 16:55 B f:\WWW\afi\ole_miss\Washing2.jpg --> webfs.deltacom.net /afi/ole_miss Washing2.jpg
