***Loggin On***
*** Joins: faith- (~suse@ppdual.augen.med.uni-giessen.de)
<Debris> VB IS GAY ASS HELL
<faith-> hey guys
<Debris> EZOOOOOOOOOONS
<faith-> im back
<faith-> ezoons cant own me
<faith-> i have firewall
<Crimz0n> re owned?
<Crimz0n> heh
<faith-> ipfwadm -A -f deny
<sistym> god dammit
<faith-> hehe
<sistym> who gives a FUUUCK about a GAY FIREWALL
<s0uL> (Version wu-2.4.2-academ[BETA-18](1) right?
<sistym> am tired of hearing about FIREWALLS
<faith-> i dont like debris anymore
<[rain]> i cnt get mi ipfwadm to werx0r
<faith-> i love ech0 now
<faith-> debris dos'ed me
<eCh0> lol ezoons
<nikfiend> we all love ech0
<eCh0> FUUUUUUCK
<PeeOnYou> hehe
<faith-> my isp is cancelling me
<eCh0> find me good C++ graphic programming tutorial !!
<PeeOnYou> heh
<faith-> i used opt1k's pee-h=-eff scanner
<nikfiend> for graphics in dos?
<faith-> mother fucker
<faith-> i scanned cert.org accidentally
<eCh0> yes
<sistym> faith
<sistym> you dumb fuck
<sistym> phf isn't illegal
<faith-> i love you sistym
<sistym> i love you to
<faith-> want to kiss my cottage cheese ass?
<Debris> FAITH CAN I JOIN WITH BORT
<sistym> hell n0
* [rain] is away, brb...DX-Ball2 [log:ON] [page:ON]
<nikfiend> are you sure thats where the cottage cheese is located?
<sistym> i love mell0n
<sistym> no one else
<sistym> and shrooms
<faith-> mell0n has a cottage cheese ass
<sistym> naww
<Debris> I WANNA JOIN IN WITH EZOONS AND B0RT
<sistym> i examined it
<faith-> mine only has vericose vains
*** Joins: KrnlSndrs (snark@lagging.org)
<KrnlSndrs> hi faith
<faith-> hi baby
<sistym> HEY BOY FRIEND
* KrnlSndrs uNF's faith
<sistym> MUSAHSHAS
<sistym> I LOVE KRNLSNDRS
<KrnlSndrs> lol
<faith-> i have dingberries
<KrnlSndrs> thanks
<faith-> dingleberries
<sistym> heh
<faith-> how do i get rid of these?
* KrnlSndrs thinks faith is a whore
<sistym> fucking gay
<Debris> LYSOL
<sistym> just typing that shit
<sistym> makes me feel gay
<sistym> heh
<sistym> am not gay
<KrnlSndrs> faith-, go back to coding yer gay shit
<faith-> fuck you
<faith-> ill code a gay KrnlSndrs.c
<KrnlSndrs> you can't code woth crap
<KrnlSndrs> ooo
<KrnlSndrs> I fjear
<Debris> gay ass mail client, gay ass firewall, gayass port blocker, gay ass port scanner
<Debris> your code fucking sucks
<sistym> heh
<sistym> am sayin
<KrnlSndrs> exactly
<sistym> even though i havnt seen the code yet
<faith-> ATLEAST I CAN code
<Debris> i can code better in bat
<KrnlSndrs> faith-, you can't code
<KrnlSndrs> all you do is copy it from a book or something
<sistym> i dont call shitty codes coding
*** Debris sets mode: +o faith-
*** Debris sets mode: -o faith-
<faith-> atleast i dont code visual basic
<KrnlSndrs> ha
<faith-> son of a bitch
<KrnlSndrs> VB 0wns you
<faith-> im a girl
<faith-> so shut up
<KrnlSndrs> haha
<faith-> girls are better than boys
<faith-> we all know that
<KrnlSndrs> whatever
<mell0n> i'm a gurl
<Debris> i wish i was with bort and ezoons right now
<KrnlSndrs> lol
<KrnlSndrs> yea
<nikfiend> I am sure someone can coax them to appear
<sistym> mell0n
<KrnlSndrs> even ezoos owns faith's butt
<mell0n> huh?
<sistym> n/m
<faith-> shut up
<sistym> i dont want you to get pissed
<faith-> he only DoSed me
<mell0n> oh?
<KrnlSndrs> ha
<faith-> i could waste you too asshole
<faith-> i have smurf you know
<KrnlSndrs> he probably could root yer box
<KrnlSndrs> ooo
<Debris> fuck
<KrnlSndrs> I fjear
<KrnlSndrs> smurf
<KrnlSndrs> hahaha
* KrnlSndrs is papa smurf
<faith-> ill smurf your puny T1 offline
<Debris>  [ Cannot allocate 384 bytes ]
<sistym> faith
<Debris> fuck
<KrnlSndrs> hahaha
<sistym> you couldn't own a penny
<faith-> im on a OC12
<faith-> your nothing
<KrnlSndrs> ha
<KrnlSndrs> I'm on an oc48 bitch
<Debris> Unable to load interpreter
<faith-> op me debris
<faith-> shut up faggot
<faith-> theres no such thing
<sistym> faith
*** Parts: Z28- (~ITA@dialin161.montreal.globalserve.net)
<sistym> you fat bitch
<faith-> fuck you sistym
<sistym> fatttttty
<sistym> FAAAAAAAAAAAATTTTTTTTTY
<Debris> i needa more ram
<faith-> so?
<mell0n> hehe
<KrnlSndrs> haha
<KrnlSndrs> yea
<sistym> YOUR A BEACHED WHALE
<faith-> op me
<KrnlSndrs> I bet she's an ugly fat bitch
<sistym> I GOT YOUR OP HERE
<Debris>  10:44pm  up 12:58,  4 users,  load average: 1.68, 1.33, 1.12
<faith-> op me opt1k and ill suck your dick
<opt1k> go away
<sistym> EWWW
<sistym> haha
<sistym> yeah
<mell0n> hey 
<KrnlSndrs> lol
<sistym> you fat bitch
<mell0n> opt1k is mine
<sistym> FATT bii0TCH
<faith-> leave me alone
<sistym> no one wants HEAD from YOU
<faith-> i didnt do anything
<KrnlSndrs> who would want a fat slut to suck?
<faith-> stop it
*** Debris sets mode: +o faith-
*** Debris sets mode: -o faith-
<KrnlSndrs> lol
<sistym> haha
<faith-> op me
<faith-> please
<Crimz0n> lol
<sistym> we did
*** Debris sets mode: +o faith-
*** Debris sets mode: -o faith-
<KrnlSndrs> hahaha
<faith-> op me
<sistym> lol
<sistym> NO
<sistym> your to fat
<mell0n> dookie
<sistym> you'll take up to much r00m
<KrnlSndrs> haah
*** LordGoat sets mode: +o faith-
*** faith- sets mode: -o Debris
*** DarkTemp sets mode: +o Debris
*** LordGoat sets mode: +o Debris
<sistym> lol
*** faith- sets mode: -o Debris
<sistym> sweet
*** DarkTemp sets mode: +o Debris
*** faith- sets mode: -o LordGoat
*** eCh0 sets mode: -o faith-
<nikfiend> hahaha
*** Debris sets mode: -o faith-
<KrnlSndrs> lolol
<mell0n> hehe
*** chemmy sets mode: +b *!*@*.augen.med.uni-giessen.de
*** faith- was kicked by DarkTemp (banned)
*** Joins: SuSe- (~suse@210.163.83.178)
*** Quits: Ki||erBee (Ping timeout)
<SuSe-> you asshole
<SuSe-> fuck i hate you all
*** sistym sets mode: +o LordGoat
<sistym> shut up
<SuSe-> im gonna spam kens board with yer isp
<sistym> FAT ASS
<Debris> lol
<Debris> LOL@!
<KrnlSndrs> lol
<sistym> heh
<SuSe-> i hate you
<sistym> i love you
<SuSe-> im wingate scanning you now
<mell0n> aww
<SuSe-> ill get u all banned
<Debris> ROFL
<SuSe-> i hate you
<SuSe-> your all so mean
<Debris> Shit i better secure my wingate
<KrnlSndrs> lololol
<SuSe-> im just a poor coder girl
<mell0n> pms?
<sistym> SuSe...you fat m0f0
<Debris> a coder girl?
<Debris> lol
<sistym> get 0ut your taking to much r00m
<SuSe-> ill ruin your lives
<sistym> beached whale
<sistym> am not in seaworld
<SuSe-> your ruining my life so ill ruin yours
<opt1k> this might be good for the goat page
<Debris> LMAO
<KrnlSndrs> lol
<sistym> i think so ALs0
<opt1k> another log :)
<KrnlSndrs> yeah
<Debris> is anyone logging?
<sistym> i got it logged
<SuSe-> FUCK YOU OPT1k
<sistym> i do Deb
<Debris> k
<SuSe-> you bitch
<Debris> heh
<KrnlSndrs> hahaha
<Debris> this is great
<SuSe-> if you guys post this ill kill u
<Debris> lol
<sistym> FAT ass
<Crimz0n> hah
<SuSe-> im not fat
<SuSe-> im FAITH
<Debris> am beat you with sticks and bats
<sistym> hehe
<KrnlSndrs> now we all can see that suse is just another lame ass script kiddie
<KrnlSndrs> and a fat slut too
<sistym> <SuSe->am will beat you with my 12' clit
<SuSe-> shut up
<SuSe-> ive had it with you all
<Debris> and has a loose twat
<sistym> <SuSe->maushsahas
<SuSe-> ill dos you all one by one
<KrnlSndrs> lolol
<SuSe-> you dosed me
<SuSe-> ill show you
<Debris> Suse, eating out suse is like biting into a grilled cheese sandwhich
<SuSe-> you made up that ezoons thing didnt you?
<KrnlSndrs> like my oc48 wouldn't be able to handle it!^%@
<KrnlSndrs> oh no!!!!!!!
<SuSe-> didnt you?
<SuSe-> thats it im dosing all of you
<SuSe-> whos first?
<Debris> lol
<SuSe-> voluenteers?
<sistym> <SuSe-> I made KrnlSndrs choke on my clit..its sooo long
<SuSe-> or do i have to start picking people
<sistym> hahahaaha
<KrnlSndrs> lol
<SuSe-> you just voluenteered sistym
<SuSe-> your dead
<sistym> go for it
<KrnlSndrs> hahahaha
<sistym> am ready SUSE
<sistym> I LOVE YOU
<[rain]> www.baraka.org  0wend
<PeeOnYou> kool
<sistym> am ready to recieve the packets
<SuSe-> your dead boy
<SuSe-> you think u can dos me and get away with it?
<SuSe-> your dead wrong
<KrnlSndrs> sistym, you better fjear
<sistym> i m
<sistym> jar
<sistym> feear
<sistym> you done
<KrnlSndrs> she mighta coded a lethal ping
<sistym> i know
<sistym> shes making me lag
<[rain]> i thinkt those russiian hacker got nmimc1.med.navy.mil ass well as anther site
<[rain]> i dunt remember
<SuSe-> bunch of bastards
<SuSe-> try to make a luaghing stock out of me and ill kill you
<SuSe-> ill dos you like crazy if u do
<mell0n> bbl
*** Quits: mell0n (mell0n has no reason)
<SuSe-> assholes
<KrnlSndrs> haha
*** Joins: Ki||erBee (~kbee@ascend1.pri2.L11.archambault.net)
<KrnlSndrs> this is just too funny
<KrnlSndrs> I KNEW
<KrnlSndrs> that faith was lame
<Debris> [Begginning]
<Debris> It started off one day in a young childs bedroom, he grew a fascination
<Debris> out of looking at the private parts of young men. He knew it was wrong,
<KrnlSndrs> knew it all along
<Debris> but he liked it anyway. Soon he met another young man with the same
<Debris> likings, his name was BORT. EzOoNs and his new companion started acting
<Debris> out the things they saw in their T-Girls porno mag. It was all ok until
<Debris> one day EzOoNs mom walked in and busted him, "WHAT IN THE NAME OF JESUS
<Debris> FUCKING GAYZ ARE YOU DOING SON! PUT YOUR LITTLE PECKER IN YOUR PANTS!
<Debris> MUASH!". EzOoNs and BORT were so embarrassed and scared that they never
<Debris> dared to go to eachothers houses again, they decided to chat on the
<Debris> internet.
<SuSe-> leave me alone
<SuSe-> stop it
<SuSe-> stop messaging me
<SuSe-> assholes
<KrnlSndrs> hahahaha
<KrnlSndrs> I bet faith is ezoons gay friend
<Debris> [Interviews]
<Debris> <Scottit0> Well, I always knew he was gay, I just didnt know if I wanted
<Debris> to say anything.
<Debris> <eCh0> I see, did EzOoNs or BORT ever attempt to force sexual acts on you?
<Debris> <Scottit0> Well, i can't say for BORT, but there were several occasions
<Debris> where EzOoNs would walk over to me with his pants down and rub my face
<SuSe-> fuck you
<Debris> with his penis.
<Debris> <eCh0> And you let him?
<Debris> <Scottit0> Sure..well..i kind of like it you know..
<Debris> <eCh0> And that was all?
<Debris> <Scottit0> There were other times, I can remember one incident where I was
<PeeOnYou> haha
<SuSe-> you made up that shit about ezoons didnt you
<Debris> sitting on the toilet reading the latest issue of T-Girls, trying to whack
<Debris> off, EzOoNs bust the door down and jumped on my dick, landing ass first, i
<Debris> couldn't do anything, so I just enjoyed it, it's not like I would be
<Debris> getting real pussy anytime soon anyway.
<Debris> <eCh0> I'm sorry, but that is sick.
<SuSe-> and now you want to ruin me?
<Debris> <Scottit0> I can't help it man, sorry.
<Debris> ---------------------------------------------------------------------------
<SuSe-> you fucking asshole
<Debris> <eCh0> So how's it goin EzOoNs?
*** Quits: Debris (Excess Flood)
*** Joins: Debris (~Debris@ppp-5800-02a-2074.mtl.total.net)
*** LordGoat sets mode: +o Debris
<Debris> young children).
<Debris> **************************************************************************
<PeeOnYou> lol
<Debris> [More info]
<Debris> The story of the young man EzOoNs is truely a disturbing one, now wanted
<KrnlSndrs> SuSe-, face it babe, you are a dumbass
<Debris> for crimes against the republic of Ruchalski, EzOoNs and BORT are
<Debris> renegades who venture the internet looking for someone else to turn unto
<Debris> the power of the Gay Side. If you run across this young man please contact
<Debris> Debgot Minut Jebcho, the ruler of The Peoples Republic of Ruchalski
<Debris> -This has been a Goat Presentation-
<Debris> ***************************************************************************
*** Debris is now known as EzoONs
<EzoONs> MUASHASAHSAH
<SuSe-> you asshole
<SuSe-> your making shit up about ezoons arent you
<SuSe-> you want to ruin me now?
<SuSe-> and make me a laughing stock?
<nikfiend> woah, ezo0ns busted out of the pen
<SuSe-> go ahead and log this
<EzoONs> AM BEAT YOU WITH STICKS AND BATS
<SuSe-> go ahead
<PeeOnYou> lol
<SuSe-> i dont give a shit
<EzoONs> ME AND B0RT HAVE SEKS
<EzoONs> AM GAY
<SuSe-> your still lame
<KrnlSndrs> lolol
<PeeOnYou> lol
<KrnlSndrs> suse/faith is lame
<KrnlSndrs> haha
<EzoONs> AM WISH WASNT GAY
<EzoONs> AM WANT SUSE
<PeeOnYou> hahaha
<KrnlSndrs> suse is prolly ezoons lesbian counterpart
<SuSe-> fuck u
<SuSe-> assholes
<EzoONs> KIDDIES, ALL YOU DO IS UDP
<KrnlSndrs> haha
<EzoONs> IM GOING TO UDP YOU FUCKER
<EzoONs> AM FIRST
<EzoONs> AM UDP MY ISPS ROUTER
<EzoONs> MUASHASAHS
<EzoONs> YOU KIDS MAKING THINGS UP ABOUT ME
<EzoONs> AM KILL YOU
<madhatt> hahaha
<EzoONs> ILL KILL YOU ALL
<KrnlSndrs> lololol
<SuSe-> http://www.asistudio.com/cgi-bin/main_main.asp?17900
<EzoONs> SHUTUP[
* madhatt bows down to debris
<EzoONs> FUCKER
<EzoONs> SUSE YOUR FIRSY
<madhatt> ASSNUGGETS
<madhatt> PONY NUGGETS
<EzoONs> UDP
<madhatt> ASSCLITSAQ
<EzoONs> MUASHAHSAHSAH
<madhatt> FAGAPPLE
<EzoONs>  /WHOIS SUSE-
<madhatt> MUAHAHSHSAHSHAHSA
<madhatt> FAG APPLE
<madhatt> hehe
<SuSe-> LEAVE ME ALONE!!
<madhatt> buttsaq
<EzoONs> | SuSe- (~suse@210.163.83.178) (unknown)
<SuSe-> you assholes
* KrnlSndrs is cracking up
<SuSe-> fuck you
*** EzoONs is now known as B0RT
<B0RT> i like testicules
<madhatt> b0rt
<madhatt> fear
<madhatt> FJEAR b0rt
<madhatt> eheh
<PeeOnYou> bwahaha
<opt1k> i hope someone has this logged
<SuSe-> FUCK YOU
<SuSe-> I THOUGHT YOU WHERE COOL
*** B0RT sets mode: -b *!*@*.augen.med.uni-giessen.de
<PeeOnYou> kik da bitch
<B0RT> ILL KILL YOU FUCKER
<sistym> MUASHSAHSAHSAHAS
<PeeOnYou> lol
*** Parts: SuSe- (~suse@210.163.83.178)
<sistym> SHE COULD NOT OWN DIS NIGGER
<B0RT> ahahahahaha
<sistym> DIS NIGGER IS TO GOOD
*** Joins: faith- (~suse@ppdual.augen.med.uni-giessen.de)
*** B0RT is now known as Debris
<sistym> MUASHSAHSAHHSA
<faith-> assholes
*** Debris is now known as EzoONs
<EzoONs> AM GAY
<faith-> stop
<EzoONs> MUASHASAHS
<PeeOnYou> haha
<PeeOnYou> kik da bitch
<EzoONs> FAITH- YOUR FUCKING DEAD
<PeeOnYou> kik da bitch
<PeeOnYou> kik da bitch
<EzoONs> UDP KID
<EzoONs> THATS ALL YOU CAN DO
<EzoONs> AM BEAT YOU WITH BATS AND STICKS
<PeeOnYou> haha
<EzoONs> This was a story taken on the known psychopath/scizophreniac known to the
<EzoONs> net-izens as EzOoNs. Everything in this story is true and was taken from
<EzoONs> reputable sources.
<EzoONs> [Begginning]
<EzoONs> It started off one day in a young childs bedroom, he grew a fascination
<EzoONs> out of looking at the private parts of young men. He knew it was wrong,
<EzoONs> but he liked it anyway. Soon he met another young man with the same
<EzoONs> likings, his name was BORT. EzOoNs and his new companion started acting
<EzoONs> out the things they saw in their T-Girls porno mag. It was all ok until
<EzoONs> one day EzOoNs mom walked in and busted him, "WHAT IN THE NAME OF JESUS
<EzoONs> FUCKING GAYZ ARE YOU DOING SON! PUT YOUR LITTLE PECKER IN YOUR PANTS!
<EzoONs> MUASH!". EzOoNs and BORT were so embarrassed and scared that they never
<EzoONs> dared to go to eachothers houses again, they decided to chat on the
<EzoONs> internet.
<EzoONs> MUASHASHASAH
<PeeOnYou> bwhahaha
<EzoONs> AM GAY
<EzoONs> AM D0SING CERT
<madhatt> MetallicA
<madhatt> YEAHHHHHHHH
<madhatt> dododoododdo
<faith-> leave me alone
<EzoONs> SILIPUSSY IS A FUCKER
<faith-> what did i do to you?
<faith-> dont ping me
<faith-> stop it
<EzoONs> OPT1K IS A FUCKER, HE MADE ME PHF SCAN CERT
<faith-> stop!
<EzoONs> YOUR DEAD MOTHERFUCKER
<faith-> you where ezoons the whole time debris
<faith-> you made me trust you
<EzoONs> AM GAY
<faith-> i hate you
<EzoONs> MUASHASAHSA
<faith-> get away
<faith-> dont touch me
<madhatt> lol
<madhatt> eww germz
* PeeOnYou kills faith
<PeeOnYou> die die die
<EzoONs> FAITH JOIN ME AND B0RT
* madhatt pee's on faith
<PeeOnYou> am fuked
<EzoONs> MUASHASAHSA
<madhatt> ehhe
<PeeOnYou> am liked
* madhatt is assimilated
<PeeOnYou> am a nigga
* madhatt joins ezoons in his quest
<PeeOnYou> haha
<madhatt> am a kneegr0w
<faith-> STOP YOU ASSHOLES
<PeeOnYou> am SHIT
<madhatt> AM A BUTTSAQ
<KrnlSndrs> haha
<madhatt> FAGAPPLE
<faith-> DONT MAKE ME START DOSING YOU
<PeeOnYou> AM LIKA
<KrnlSndrs> poor fat and ugly faith
<faith-> I WILL START DOSING IF U DONT STOP
<EzoONs> AM UDPING FAITH
<faith-> I WILL START DOSING IF U DONT STOP
<faith-> I WILL START DOSING IF U DONT STOP
<EzoONs> ILL TAKE YOU OUT FUCKER
<PeeOnYou> AM BITCH
<EzoONs> ILL TAKE YOU OUT FUCKER
<EzoONs> ILL TAKE YOU OUT FUCKER
<faith-> I WILL START DOSING IF U DONT STOP
<EzoONs> ILL TAKE YOU OUT FUCKER
<faith-> I WILL START DOSING IF U DONT STOP
<EzoONs> ILL TAKE YOU OUT FUCKER
<EzoONs> ILL TAKE YOU OUT FUCKER
<faith-> I WILL START DOSING IF U DONT STOP
<faith-> I WILL START DOSING IF U DONT STOP
<EzoONs> ILL TAKE YOU OUT FUCKER
<PeeOnYou> AM EATIN PUSSI
<faith-> I WILL START DOSING IF U DONT STOP
<EzoONs> ILL TAKE YOU OUT FUCKER
<faith-> I WILL START DOSING IF U DONT STOP
<faith-> I WILL START DOSING IF U DONT STOP
<EzoONs> ILL TAKE YOU OUT FUCKER
<faith-> I WILL START DOSING IF U DONT STOP
<EzoONs> ILL TAKE YOU OUT FUCKER
<faith-> I WILL START DOSING IF U DONT STOP
<PeeOnYou> AM PUSSI FUKER
<madhatt> LEWK AT ALLTHIS JUAREZ IN THIS GIFPASTEREWM
<EzoONs> ILL TAKE YOU OUT FUCKER
<faith-> I WILL START DOSING IF U DONT STOP
<EzoONs> ILL TAKE YOU OUT FUCKER
<EzoONs> ILL TAKE YOU OUT FUCKER
<PeeOnYou> AM DICK LICKER
<madhatt> .....
<EzoONs> ILL TAKE YOU OUT FUCKER
*** Parts: eCh0 (eCh0@ppp19.ts6-2.NewportNews.visi.net)
<madhatt> NO#(&*!$!
<EzoONs> ILL TAKE YOU OUT FUCKER
<EzoONs> ILL TAKE YOU OUT FUCKER
<madhatt> EZZ0)000)0000nz WaR
<EzoONs> ILL TAKE YOU OUT FUCKER
<faith-> I WILL START DOSING IF U DONT STOP
<PeeOnYou> AM TASTY
<faith-> I WILL START DOSING IF U DONT STOP
<EzoONs> ILL TAKE YOU OUT FUCKER
<faith-> I WILL START DOSING IF U DONT STOP
<faith-> I WILL START DOSING IF U DONT STOP
<EzoONs> ILL TAKE YOU OUT FUCKER
<PeeOnYou> AM SHITHEAD
<faith-> I WILL START DOSING IF U DONT STOP
<EzoONs> ILL TAKE YOU OUT FUCKER
<faith-> I WILL START DOSING IF U DONT STOP
<madhatt> ez00nz
<EzoONs> ILL TAKE YOU OUT FUCKER
<faith-> I WILL START DOSING IF U DONT STOP
<faith-> I WILL START DOSING IF U DONT STOP
<EzoONs> ILL TAKE YOU OUT FUCKER
<madhatt> AM STEWPID
<faith-> I WILL START DOSING IF U DONT STOP
<ChinaDrum> is this fucking kindergraden or something???
<EzoONs> ILL TAKE YOU OUT FUCKER
<PeeOnYou> AM ASSCLEANER
<faith-> I WILL START DOSING IF U DONT STOP
<EzoONs> ILL TAKE YOU OUT FUCKER
<faith-> I WILL START DOSING IF U DONT STOP
<madhatt> AM JERK-OFF MONKEY
<EzoONs> ILL TAKE YOU OUT FUCKER
<madhatt> hehe
<faith-> I WILL START DOSING IF U DONT STOP
<EzoONs> ILL TAKE YOU OUT FUCKER
<faith-> I WILL START DOSING IF U DONT STOP
*** Quits: EzoONs (Excess Flood)
<faith-> I WILL START DOSING IF U DONT STOP
<PeeOnYou> AM ASSRAPER
<faith-> I WILL START DOSING IF U DONT STOP
<KrnlSndrs> haahhahaha
*** Joins: Debris (~Debris@ppp-5800-02a-2074.mtl.total.net)
<faith-> I WILL START DOSING IF U DONT STOP
*** LordGoat sets mode: +o Debris
<faith-> I WILL START DOSING IF U DONT STOP
<PeeOnYou> AM TASTY WHORE
<faith-> I WILL START DOSING IF U DONT STOP
<faith-> hahaha
<KrnlSndrs> this is funny as hell
<faith-> i dosed him
<madhatt> am pony nuggets
<faith-> hahaha
<PeeOnYou> AM 50 GOATS
<faith-> i told you not to fuck with me
<Debris> ILL TAKE YOU OUT FUCKER
<faith-> i warned you
<faith-> and ill do it again
<PeeOnYou> AM GOAT FUCKER
<madhatt> u dosaged him
<faith-> u asshole
<madhatt> heheh
<madhatt> :P
<madhatt> FJEAR
<Debris> ILL TAKE YOU OUT FUCKER
<Debris> ILL TAKE YOU OUT FUCKER
<Debris> ILL TAKE YOU OUT FUCKER
<Debris> ILL TAKE YOU OUT FUCKER
<Debris> ILL TAKE YOU OUT FUCKER
<faith-> I WILL START DOSING IF U DONT STOP
<Debris> ILL TAKE YOU OUT FUCKER
<Debris> ILL TAKE YOU OUT FUCKER
<Debris> ILL TAKE YOU OUT FUCKER
<PeeOnYou> AM NUTSAK 
<faith-> I WILL START DOSING IF U DONT STOP
<faith-> I WILL START DOSING IF U DONT STOP
<faith-> I WILL START DOSING IF U DONT STOP
<faith-> I WILL START DOSING IF U DONT STOP
<Debris> ILL TAKE YOU OUT FUCKER
<faith-> I WILL START DOSING IF U DONT STOP
<PeeOnYou> LOL
*** Debris is now known as EzoONs
<faith-> I WILL START DOSING IF U DONT STOP
<faith-> I WILL START DOSING IF U DONT STOP
<PeeOnYou> FAITH IS A FUCKIN TARD
<faith-> I WILL START DOSING IF U DONT STOP
<EzoONs> FUCKER YOUR DEAD NOW
<EzoONs> IM FUCKING DOSING YOU
<faith-> I WILL START DOSING IF U DONT STOP
<madhatt> tak3 j3w1sh p30pl3 0f d4 f4c3 0f th1s 3r4th
<faith-> I WILL START DOSING IF U DONT STOP
<madhatt> ERATH IS MUH PLANET
<faith-> I WILL START DOSING IF U DONT STOP
<PeeOnYou> hahaha
<madhatt> FJEAR ERATH
<faith-> I WILL START DOSING IF U DONT STOP
<madhatt> hehe
* KrnlSndrs thinks faith fuks animals
<faith-> I WILL START DOSING IF U DONT STOP
<PeeOnYou> down with the JOO
<faith-> I WILL START DOSING IF U DONT STOP
<EzoONs> | faith- (~suse@ppdual.augen.med.uni-giessen.de) (Germany)
<faith-> I WILL START DOSING IF U DONT STOP
<KrnlSndrs> haha
<faith-> I WILL START DOSING IF U DONT STOP
* faith- will start dosing if you dont stop
* faith- will start dosing if you dont stop
* faith- will start dosing if you dont stop
<madhatt> I WILL STOP JERKING IT IF U DONT
<madhatt> I WILL STOP JERKING IT IF U DONT STOP
* faith- will start dosing if you dont stop
<madhatt> I WILL STOP JERKING IT IF U DONT STOP
*** EzoONs sets mode: -o+b faith- faith-!*suse@ppdual.augen.med.uni-giessen.de
*** faith- was kicked by EzoONs (os(bk) WOMP)
<madhatt> I WILL STOP JERKING IT IF U DONT STOP
<madhatt> I WILL STOP JERKING IT IF U DONT STOP
* PeeOnYou is scared of dos
<madhatt> hehhe
*** EzoONs is now known as Debris
*** Joins: SuSe- (~suse@210.163.83.178)
<PeeOnYou> lol
<KrnlSndrs> haha
<Debris> b0rts turn
<PeeOnYou> that was funny
<SuSe-> is that all u can do
<SuSe-> asshole
<SuSe-> ill dos you to fuck for banning me
* madhatt throws his ms dos 6.22 box at faith
<madhatt> ehhe
<madhatt> DIE
<SuSe-> i thought you where my friend
<madhatt> D0S
*** Debris sets mode: +b *!*@210.163.83.178
<SuSe-> your such an asshole
*** SuSe- was kicked by DarkTemp (banned)
<PeeOnYou> i thought yer my friend
<madhatt> BUAHAHA
<KrnlSndrs> lol
<PeeOnYou> im a poor lonely ugly whore
<PeeOnYou> haha
<opt1k> faith- is 100% retarded]
<madhatt> EyE need a fREinD
<Debris> nows when he messages me im sorry 320420489 times
<KrnlSndrs> haha
<PeeOnYou> lol
<PeeOnYou> its a he?
*** Joins: Supplier (Dorkhead@nas1-48-120.dallas.navinet.net)
<madhatt> gifpaste butt sack poney assniggr0x
<PeeOnYou> hehehe
<PeeOnYou> lol
<opt1k> yeh faith is a he
<nikfiend> that was the real faith?
<opt1k> or a transsexual shemale
<opt1k> yes
<Supplier> hi
<KrnlSndrs> no
<Debris> nikfiend it was ezoons
<KrnlSndrs> that was NOT the real faith
<Debris> supplier is ezoons
<PeeOnYou> haha
<Debris> [faith-(~suse@ppdual.augen.med.uni-giessen.de)] im sorry
* KrnlSndrs is the real faith
<Debris> [faith-(~suse@ppdual.augen.med.uni-giessen.de)] im sorry
<Debris> [faith-(~suse@ppdual.augen.med.uni-giessen.de)] im sorry
<Debris> [faith-(~suse@ppdual.augen.med.uni-giessen.de)] im sorry
<PeeOnYou> haha
<Debris> [faith-(~suse@ppdual.augen.med.uni-giessen.de)] i love you
<KrnlSndrs> :p
<PeeOnYou> too late now bitch
<PeeOnYou> :)
<Debris> [faith-(~suse@ppdual.augen.med.uni-giessen.de)] im soo sorry
<KrnlSndrs> Debris, if I ever said I loved you...you know it's not me
<Debris> damn =[
<KrnlSndrs> haha
*** Quits: McIntyre (Ping timeout)
<PeeOnYou> [faith-(~suse@ppdual.augen.med.uni-giessen.de)] I really love you...
<Debris> [msg(faith-)] ilove you too
<Debris> [faith-(~suse@ppdual.augen.med.uni-giessen.de)] FUCK YOU
<Debris> [faith-(~suse@ppdual.augen.med.uni-giessen.de)] dont ever say that
<KrnlSndrs> lol
*** Debris sets mode: -b faith-!*suse@ppdual.augen.med.uni-giessen.de
<PeeOnYou> [faith-(~suse@ppdual.augen.med.uni-giessen.de)] I want you to get me up the asshole...
*** Joins: faith- (~suse@ppdual.augen.med.uni-giessen.de)
<Debris> [msg(faith-)] unbanned my love bird
<Debris> [faith-(~suse@ppdual.augen.med.uni-giessen.de)] im sorry
<PeeOnYou> [faith-(~suse@ppdual.augen.med.uni-giessen.de)] i am a transexual
<Debris> FAITH I LOVE YOU TOO
<PeeOnYou> [faith-(~suse@ppdual.augen.med.uni-giessen.de)] can you please get me in the ass?
<KrnlSndrs> haha
<KrnlSndrs> faith is a perv
<PeeOnYou> [PeeOnYou] FUCK YOO
<PeeOnYou> lol
<PeeOnYou> [faith-!~suse@ppdual.augen.med.uni-giessen.de] can we have sex?
<PeeOnYou> [faith-!~suse@ppdual.augen.med.uni-giessen.de] im really a man :p
<Debris> LOOLL
<PeeOnYou> fuker
<PeeOnYou> don't ever msg me again
<KrnlSndrs> lol
<PeeOnYou> heh
<PeeOnYou> ignored
<PeeOnYou> bitch
<Debris> im gunna go spam on packetstorm
<PeeOnYou> [faith-!~suse@ppdual.augen.med.uni-giessen.de] make debris op me
<faith-> im telling ken
<sistym> hey Debris
<sistym> when you want me to stop loggin
*** Quits: madhatt (Ping timeout)
<KrnlSndrs> sistym, keep logging until faith dies
<Debris> brb cigg
<sistym> ok
<faith-> fuck
<faith-> fuck
<faith-> fuck
<faith-> fuck
<faith-> fuck
<KrnlSndrs> heh
<faith-> fuckfuckfuckfuckfuck
<PeeOnYou> [faith-!~suse@ppdual.augen.med.uni-giessen.de] asshole dont do that
<faith-> op me
<Debris> i posted on packetstorm
<PeeOnYou> [Supplier!Dorkhead@nas1-48-120.dallas.navinet.net] sometimes i have to go to
<PeeOnYou>  the bathroom and i just let it go
<KrnlSndrs> faith-, yea, we kjnow you want to fuck a dog
*** Joins: eCh0 (eCh0@ppp19.ts6-2.NewportNews.visi.net)
<DarkTemp> [eCh0] mother fuckers wanna act loco, hit em with numerous shots from the 44
*** LordGoat sets mode: +o eCh0
<KrnlSndrs> haha
<KrnlSndrs> hey ech0
<Debris> faith i posted on packetstorm
* Debris is away, cigg (l!on) : os/bx
* Debris is away: (cigg) [BX-MsgLog Off]
<faith-> Posted by Debris [208.165.179.3] [stealth.kirenet.com] [Lynx/2.8rel.2 libwww-FM/2.14] on 20:10:15 03/27/99:
<faith-> MUASHASHAHS ezoons me and bort are in love
<faith-> muashashahs
<KrnlSndrs> whatja post deb? tell ken to ban her
<faith-> hahah am posing as you
*** Parts: eCh0 (eCh0@ppp19.ts6-2.NewportNews.visi.net)
*** Joins: madhatt (optik@dyn208-6-73-135.win.mnsi.net)
<Debris> no i actually posted that
<faith-> no i did
<madhatt> DU HAST MEICH
<madhatt> dodododoododod
<Debris> NO I DID
<madhatt> this song RULES
<madhatt> RAMMSTEIN!#@O%
<faith-> IM ALEGRE
<faith-> IM ALEGRE
<faith-> IM ALEGRE
<madhatt> hehe
<sistym> south park marathon is on
<faith-> shut up
<faith-> no one cares sistym
<faith-> your stupid
<madhatt> [pc] ..chans: 20040
<madhatt> woops fuck
<PeeOnYou> you shut up
<madhatt> i just did a /raw list
<PeeOnYou> south park kix
<faith-> ILL NUKE YOU
* KrnlSndrs codes a VB program and roots faith's shitty redhat box
<faith-> KID
*** faith- was kicked by sistym (sistym)
<sistym> heh
<KrnlSndrs> haha
<sistym> takes him a while to join back up
<KrnlSndrs> apparently
*** Joins: UT- (~ut@java.usc.edu)
*** Quits: madhatt (..phorce(build 2) dur:1h44m20s - the only true emotions are love and fje)
*** Joins: faith- (~suse@ppdual.augen.med.uni-giessen.de)
<PeeOnYou> nuke me?
*** Joins: madhatt (optik@dyn208-6-73-135.win.mnsi.net)
<PeeOnYou> go ahead
<faith-> FUCKERS
<PeeOnYou> c if i care
<faith-> DONT DO THAT
<faith-> ILL DOS YOU FOR DOSING ME
<PeeOnYou> erm..
<PeeOnYou> heh
<KrnlSndrs> haha
<faith-> ILL DOS YOU FOR DOSING ME
<faith-> ILL DOS YOU FOR DOSING ME
<faith-> ILL DOS YOU FOR DOSING ME
<faith-> ILL DOS YOU FOR DOSING ME
<faith-> ILL DOS YOU FOR DOSING ME
<[rain]> hehe
* PeeOnYou pisses on faith
*** Quits: madhatt (..phorce(build 2) dur:1h45m - the only true emotions are love and fjear)
*** PeeOnYou is now known as PissOnFai
*** Joins: madhatt (optik@dyn208-6-73-135.win.mnsi.net)
*** PissOnFai is now known as PeeOnYou
<PeeOnYou> hehe
<PeeOnYou> damn
<PeeOnYou> ls
*** Supplier is now known as PeeOnPee
<PeeOnYou> oops
<madhatt> awww beautiful /quote list
<madhatt> heheh
<madhatt> soo fast
* [rain] thinkz faith was sexually harressed by his grandfather as a child
<PeeOnYou> hehe
<PeeOnPee> heh
* [rain] cant spell
<[rain]> anyone know where i can find VisualBasic4?
*Message <faith-> asshole
*Message <faith-> fuck u
*Message <sistym> bii0tch
*Message <faith-> ill suck your dick if u let me back in
*Message <sistym> ok
<sistym> lets let faith back in
<PeeOnYou> no
<sistym> heh
<sistym> :)
<PeeOnYou> s/he's a bitch
<sistym> get some more stupid shit
<PeeOnYou> hehehe
<sistym> for the log
<[rain]> vt.ver
<PeeOnYou> [faith-(~suse@ppdual.augen.med.uni-giessen.de)] im a pussie, and i know it
<PeeOnYou> [faith-(~suse@ppdual.augen.med.uni-giessen.de)] please forgive me
*** Quits: UT- (brb)
<PeeOnYou> heh
<PeeOnYou> o
<sistym> hey Debris
*** Quits: madhatt (Ping timeout)
<sistym> am stopping the log
<PeeOnYou> [faith-(~suse@ppdual.augen.med.uni-giessen.de)] im still a big pussie
<PeeOnYou> hehe
<KrnlSndrs> lol
<PeeOnYou> ;)
*** PeeOnPee is now known as JimBo
*** Quits: nikfiend (nikfiend has no reason)
<PeeOnYou> peeonpee?
<PeeOnYou> haha
<faith-> FAGGOTS
<faith-> IM A GURLK
<faith-> FUCK JUW ALL
<Debris> send me the log
<Debris> im gunna post it
<[rain]> GURLK?
<KrnlSndrs> haha
<opt1k> you idiot ezoons
<opt1k> shut up and go away
<faith-> fuck u
<Debris> sistym send me the log for the webpage
<faith-> im not ezoons
<faith-> i swear
<sistym> hold on lets get some more shit here
<opt1k> bull shit
<sistym> faith
<Debris> no thats nuff
<sistym> aight c00l
<KrnlSndrs> haha
<faith-> assholes
***Ending Log

